2024-02-22 13:07:11,390 - DEBUG - Starting new HTTPS connection (1): api.openweathermap.org:443
2024-02-22 13:07:11,861 - DEBUG - https://api.openweathermap.org:443 "GET /data/2.5/weather?lat=19.295867896783285&lon=-97.76888973800806&appid=114eeff82a1f6c329ac960107187e344&units=metric HTTP/1.1" 200 496
2024-02-22 13:07:14,057 - DEBUG - Starting new HTTPS connection (1): api.openweathermap.org:443
2024-02-22 13:07:14,504 - DEBUG - https://api.openweathermap.org:443 "GET /data/2.5/weather?lat=19.295867896783285&lon=-97.76888973800806&appid=114eeff82a1f6c329ac960107187e344&units=metric HTTP/1.1" 200 496
2024-02-22 13:09:55,548 - DEBUG - Starting new HTTPS connection (1): api.openweathermap.org:443
2024-02-22 13:09:55,995 - DEBUG - https://api.openweathermap.org:443 "GET /data/2.5/weather?lat=19.295867896783285&lon=-97.76888973800806&appid=114eeff82a1f6c329ac960107187e344&units=metric HTTP/1.1" 200 496
2024-02-22 13:10:02,537 - DEBUG - Starting new HTTPS connection (1): api.openweathermap.org:443
2024-02-22 13:10:07,960 - DEBUG - https://api.openweathermap.org:443 "GET /data/2.5/weather?lat=19.295867896783285&lon=-97.76888973800806&appid=114eeff82a1f6c329ac960107187e344&units=metric HTTP/1.1" 200 496
2024-02-22 13:10:23,646 - DEBUG - Starting new HTTPS connection (1): api.openweathermap.org:443
2024-02-22 13:10:24,086 - DEBUG - https://api.openweathermap.org:443 "GET /data/2.5/weather?lat=19.295867896783285&lon=-97.76888973800806&appid=114eeff82a1f6c329ac960107187e344&units=metric HTTP/1.1" 200 496
2024-02-22 13:10:55,122 - DEBUG - Starting new HTTPS connection (1): api.openweathermap.org:443
2024-02-22 13:10:55,681 - DEBUG - https://api.openweathermap.org:443 "GET /data/2.5/weather?lat=19.295867896783285&lon=-97.76888973800806&appid=114eeff82a1f6c329ac960107187e344&units=metric HTTP/1.1" 200 496
2024-02-22 13:11:09,082 - DEBUG - Starting new HTTPS connection (1): api.openweathermap.org:443
2024-02-22 13:11:09,555 - DEBUG - https://api.openweathermap.org:443 "GET /data/2.5/weather?lat=19.295867896783285&lon=-97.76888973800806&appid=114eeff82a1f6c329ac960107187e344&units=metric HTTP/1.1" 200 496
2024-02-22 13:11:15,865 - DEBUG - Starting new HTTPS connection (1): api.openweathermap.org:443
2024-02-22 13:11:16,241 - DEBUG - https://api.openweathermap.org:443 "GET /data/2.5/weather?lat=19.295867896783285&lon=-97.76888973800806&appid=114eeff82a1f6c329ac960107187e344&units=metric HTTP/1.1" 200 496
2024-02-22 13:11:22,169 - DEBUG - Starting new HTTPS connection (1): api.openweathermap.org:443
2024-02-22 13:11:22,632 - DEBUG - https://api.openweathermap.org:443 "GET /data/2.5/weather?lat=19.295867896783285&lon=-97.76888973800806&appid=114eeff82a1f6c329ac960107187e344&units=metric HTTP/1.1" 200 496
2024-02-22 13:11:35,757 - DEBUG - Starting new HTTPS connection (1): api.openweathermap.org:443
2024-02-22 13:11:36,124 - DEBUG - https://api.openweathermap.org:443 "GET /data/2.5/weather?lat=19.295867896783285&lon=-97.76888973800806&appid=114eeff82a1f6c329ac960107187e344&units=metric HTTP/1.1" 200 496
2024-02-22 13:11:39,006 - DEBUG - Starting new HTTPS connection (1): api.openweathermap.org:443
2024-02-22 13:11:39,476 - DEBUG - https://api.openweathermap.org:443 "GET /data/2.5/weather?lat=19.295867896783285&lon=-97.76888973800806&appid=114eeff82a1f6c329ac960107187e344&units=metric HTTP/1.1" 200 496
2024-02-22 13:13:28,257 - DEBUG - Starting new HTTPS connection (1): api.openweathermap.org:443
2024-02-22 13:13:28,706 - DEBUG - https://api.openweathermap.org:443 "GET /data/2.5/weather?lat=19.295867896783285&lon=-97.76888973800806&appid=114eeff82a1f6c329ac960107187e344&units=metric HTTP/1.1" 200 496
2024-02-22 13:13:32,570 - DEBUG - Starting new HTTPS connection (1): api.openweathermap.org:443
2024-02-22 13:13:33,146 - DEBUG - https://api.openweathermap.org:443 "GET /data/2.5/weather?lat=19.295867896783285&lon=-97.76888973800806&appid=114eeff82a1f6c329ac960107187e344&units=metric HTTP/1.1" 200 496
2024-02-22 13:13:48,910 - DEBUG - Starting new HTTPS connection (1): api.openweathermap.org:443
2024-02-22 13:13:49,295 - DEBUG - https://api.openweathermap.org:443 "GET /data/2.5/weather?lat=19.295867896783285&lon=-97.76888973800806&appid=114eeff82a1f6c329ac960107187e344&units=metric HTTP/1.1" 200 496
2024-02-22 13:14:32,629 - DEBUG - Starting new HTTPS connection (1): api.openweathermap.org:443
2024-02-22 13:14:33,008 - DEBUG - https://api.openweathermap.org:443 "GET /data/2.5/weather?lat=19.295867896783285&lon=-97.76888973800806&appid=114eeff82a1f6c329ac960107187e344&units=metric HTTP/1.1" 200 496
2024-02-22 13:14:43,307 - DEBUG - Starting new HTTPS connection (1): api.openweathermap.org:443
2024-02-22 13:14:43,693 - DEBUG - https://api.openweathermap.org:443 "GET /data/2.5/weather?lat=19.295867896783285&lon=-97.76888973800806&appid=114eeff82a1f6c329ac960107187e344&units=metric HTTP/1.1" 200 496
2024-02-22 13:14:48,545 - DEBUG - Starting new HTTPS connection (1): api.openweathermap.org:443
2024-02-22 13:14:48,960 - DEBUG - https://api.openweathermap.org:443 "GET /data/2.5/weather?lat=19.295867896783285&lon=-97.76888973800806&appid=114eeff82a1f6c329ac960107187e344&units=metric HTTP/1.1" 200 496
2024-02-22 13:24:21,967 - DEBUG - Starting new HTTPS connection (1): api.openweathermap.org:443
2024-02-22 13:24:32,510 - DEBUG - https://api.openweathermap.org:443 "GET /data/2.5/weather?lat=18.923085025419557&lon=-98.39557636380162&appid=114eeff82a1f6c329ac960107187e344&units=metric HTTP/1.1" 200 493
2024-02-22 13:24:50,862 - DEBUG - Starting new HTTPS connection (1): api.openweathermap.org:443
2024-02-22 13:24:51,219 - DEBUG - https://api.openweathermap.org:443 "GET /data/2.5/weather?lat=18.923085025419557&lon=-98.39557636380162&appid=114eeff82a1f6c329ac960107187e344&units=metric HTTP/1.1" 200 493
2024-02-22 13:25:55,086 - DEBUG - Starting new HTTPS connection (1): api.openweathermap.org:443
2024-02-22 13:25:55,540 - DEBUG - https://api.openweathermap.org:443 "GET /data/2.5/weather?lat=19.295867896783285&lon=-97.76888973800806&appid=114eeff82a1f6c329ac960107187e344&units=metric HTTP/1.1" 200 496
2024-02-22 13:27:32,790 - DEBUG - Starting new HTTPS connection (1): api.openweathermap.org:443
2024-02-22 13:27:33,198 - DEBUG - https://api.openweathermap.org:443 "GET /data/2.5/weather?lat=18.52639736316348&lon=-97.47871399384229&appid=114eeff82a1f6c329ac960107187e344&units=metric HTTP/1.1" 200 509
2024-02-22 13:27:56,310 - DEBUG - Starting new HTTPS connection (1): api.openweathermap.org:443
2024-02-22 13:27:56,752 - DEBUG - https://api.openweathermap.org:443 "GET /data/2.5/weather?lat=18.52639736316348&lon=-97.47871399384229&appid=114eeff82a1f6c329ac960107187e344&units=metric HTTP/1.1" 200 508
2024-02-22 13:28:13,246 - DEBUG - Starting new HTTPS connection (1): api.openweathermap.org:443
2024-02-22 13:28:13,777 - DEBUG - https://api.openweathermap.org:443 "GET /data/2.5/weather?lat=33.39119277195364&lon=-112.5928040604769&appid=114eeff82a1f6c329ac960107187e344&units=metric HTTP/1.1" 200 462
2024-02-22 13:28:16,323 - DEBUG - Starting new HTTPS connection (1): api.openweathermap.org:443
2024-02-22 13:28:16,840 - DEBUG - https://api.openweathermap.org:443 "GET /data/2.5/weather?lat=18.52639736316348&lon=-97.47871399384229&appid=114eeff82a1f6c329ac960107187e344&units=metric HTTP/1.1" 200 509
2024-02-22 13:29:25,342 - DEBUG - Starting new HTTPS connection (1): api.openweathermap.org:443
2024-02-22 13:29:25,796 - DEBUG - https://api.openweathermap.org:443 "GET /data/2.5/weather?lat=19.295867896783285&lon=-97.76888973800806&appid=114eeff82a1f6c329ac960107187e344&units=metric HTTP/1.1" 200 496
2024-02-22 13:31:07,936 - DEBUG - Starting new HTTPS connection (1): api.openweathermap.org:443
2024-02-22 13:31:08,567 - DEBUG - https://api.openweathermap.org:443 "GET /data/2.5/weather?lat=18.52639736316348&lon=-97.47871399384229&appid=114eeff82a1f6c329ac960107187e344&units=metric HTTP/1.1" 200 506
2024-02-22 13:31:10,724 - DEBUG - Starting new HTTPS connection (1): api.openweathermap.org:443
2024-02-22 13:31:11,103 - DEBUG - https://api.openweathermap.org:443 "GET /data/2.5/weather?lat=19.295867896783285&lon=-97.76888973800806&appid=114eeff82a1f6c329ac960107187e344&units=metric HTTP/1.1" 200 496
2024-02-22 13:31:11,831 - DEBUG - Starting new HTTPS connection (1): api.openweathermap.org:443
2024-02-22 13:31:12,302 - DEBUG - https://api.openweathermap.org:443 "GET /data/2.5/weather?lat=18.52639736316348&lon=-97.47871399384229&appid=114eeff82a1f6c329ac960107187e344&units=metric HTTP/1.1" 200 506
2024-02-22 13:31:13,024 - DEBUG - Starting new HTTPS connection (1): api.openweathermap.org:443
2024-02-22 13:31:13,556 - DEBUG - https://api.openweathermap.org:443 "GET /data/2.5/weather?lat=19.295867896783285&lon=-97.76888973800806&appid=114eeff82a1f6c329ac960107187e344&units=metric HTTP/1.1" 200 494
2024-02-22 13:31:39,057 - DEBUG - Starting new HTTPS connection (1): api.openweathermap.org:443
2024-02-22 13:31:39,461 - DEBUG - https://api.openweathermap.org:443 "GET /data/2.5/weather?lat=18.52639736316348&lon=-97.47871399384229&appid=114eeff82a1f6c329ac960107187e344&units=metric HTTP/1.1" 200 508
2024-02-22 13:31:40,436 - DEBUG - Starting new HTTPS connection (1): api.openweathermap.org:443
2024-02-22 13:31:49,579 - DEBUG - Starting new HTTPS connection (1): api.openweathermap.org:443
2024-02-22 13:31:49,941 - DEBUG - https://api.openweathermap.org:443 "GET /data/2.5/weather?lat=19.295867896783285&lon=-97.76888973800806&appid=114eeff82a1f6c329ac960107187e344&units=metric HTTP/1.1" 200 496
2024-02-22 13:31:50,717 - DEBUG - Starting new HTTPS connection (1): api.openweathermap.org:443
2024-02-22 13:31:51,182 - DEBUG - https://api.openweathermap.org:443 "GET /data/2.5/weather?lat=33.39119277195364&lon=-112.5928040604769&appid=114eeff82a1f6c329ac960107187e344&units=metric HTTP/1.1" 200 462
2024-02-22 13:31:51,847 - DEBUG - Starting new HTTPS connection (1): api.openweathermap.org:443
2024-02-22 13:31:52,263 - DEBUG - https://api.openweathermap.org:443 "GET /data/2.5/weather?lat=18.52639736316348&lon=-97.47871399384229&appid=114eeff82a1f6c329ac960107187e344&units=metric HTTP/1.1" 200 506
2024-02-22 13:31:52,921 - DEBUG - Starting new HTTPS connection (1): api.openweathermap.org:443
2024-02-22 13:31:53,413 - DEBUG - https://api.openweathermap.org:443 "GET /data/2.5/weather?lat=19.295867896783285&lon=-97.76888973800806&appid=114eeff82a1f6c329ac960107187e344&units=metric HTTP/1.1" 200 496
2024-02-22 13:31:53,946 - DEBUG - Starting new HTTPS connection (1): api.openweathermap.org:443
2024-02-22 13:31:54,368 - DEBUG - https://api.openweathermap.org:443 "GET /data/2.5/weather?lat=33.39119277195364&lon=-112.5928040604769&appid=114eeff82a1f6c329ac960107187e344&units=metric HTTP/1.1" 200 463
2024-02-22 13:31:55,221 - DEBUG - Starting new HTTPS connection (1): api.openweathermap.org:443
2024-02-22 13:31:55,583 - DEBUG - https://api.openweathermap.org:443 "GET /data/2.5/weather?lat=33.39119277195364&lon=-112.5928040604769&appid=114eeff82a1f6c329ac960107187e344&units=metric HTTP/1.1" 200 463
2024-02-22 13:33:06,655 - DEBUG - Starting new HTTPS connection (1): api.openweathermap.org:443
2024-02-22 13:33:07,068 - DEBUG - https://api.openweathermap.org:443 "GET /data/2.5/weather?lat=18.52639736316348&lon=-97.47871399384229&appid=114eeff82a1f6c329ac960107187e344&units=metric HTTP/1.1" 200 508
2024-02-22 13:33:44,502 - DEBUG - Starting new HTTPS connection (1): api.openweathermap.org:443
2024-02-22 13:33:45,060 - DEBUG - https://api.openweathermap.org:443 "GET /data/2.5/weather?lat=19.295867896783285&lon=-97.76888973800806&appid=114eeff82a1f6c329ac960107187e344&units=metric&lang='es' HTTP/1.1" 200 494
2024-02-22 13:33:51,280 - DEBUG - Starting new HTTPS connection (1): api.openweathermap.org:443
2024-02-22 13:33:51,740 - DEBUG - https://api.openweathermap.org:443 "GET /data/2.5/weather?lat=19.295867896783285&lon=-97.76888973800806&appid=114eeff82a1f6c329ac960107187e344&units=metric&lang='esp' HTTP/1.1" 200 494
2024-02-22 13:34:26,710 - DEBUG - Starting new HTTPS connection (1): api.openweathermap.org:443
2024-02-22 13:34:27,111 - DEBUG - https://api.openweathermap.org:443 "GET /data/2.5/weather?lat=19.295867896783285&lon=-97.76888973800806&appid=114eeff82a1f6c329ac960107187e344&units=metric&lang='fr' HTTP/1.1" 200 494
2024-02-22 13:34:33,679 - DEBUG - Starting new HTTPS connection (1): api.openweathermap.org:443
2024-02-22 13:34:34,108 - DEBUG - https://api.openweathermap.org:443 "GET /data/2.5/weather?lat=19.295867896783285&lon=-97.76888973800806&appid=114eeff82a1f6c329ac960107187e344&units=metric&lang='fr' HTTP/1.1" 200 494
2024-02-22 13:34:34,948 - DEBUG - Starting new HTTPS connection (1): api.openweathermap.org:443
2024-02-22 13:34:35,335 - DEBUG - https://api.openweathermap.org:443 "GET /data/2.5/weather?lat=19.295867896783285&lon=-97.76888973800806&appid=114eeff82a1f6c329ac960107187e344&units=metric&lang='fr' HTTP/1.1" 200 494
2024-02-22 13:36:17,094 - DEBUG - Starting new HTTPS connection (1): api.openweathermap.org:443
2024-02-22 13:36:17,460 - DEBUG - https://api.openweathermap.org:443 "GET /data/2.5/weather?lat=19.295867896783285&lon=-97.76888973800806&appid=114eeff82a1f6c329ac960107187e344&units=metric&lang='fr' HTTP/1.1" 200 494
