2024-02-22 13:07:11,390 - DEBUG - Starting new HTTPS connection (1): api.openweathermap.org:443
2024-02-22 13:07:11,861 - DEBUG - https://api.openweathermap.org:443 "GET /data/2.5/weather?lat=19.295867896783285&lon=-97.76888973800806&appid=114eeff82a1f6c329ac960107187e344&units=metric HTTP/1.1" 200 496
2024-02-22 13:07:14,057 - DEBUG - Starting new HTTPS connection (1): api.openweathermap.org:443
2024-02-22 13:07:14,504 - DEBUG - https://api.openweathermap.org:443 "GET /data/2.5/weather?lat=19.295867896783285&lon=-97.76888973800806&appid=114eeff82a1f6c329ac960107187e344&units=metric HTTP/1.1" 200 496
2024-02-22 13:09:55,548 - DEBUG - Starting new HTTPS connection (1): api.openweathermap.org:443
2024-02-22 13:09:55,995 - DEBUG - https://api.openweathermap.org:443 "GET /data/2.5/weather?lat=19.295867896783285&lon=-97.76888973800806&appid=114eeff82a1f6c329ac960107187e344&units=metric HTTP/1.1" 200 496
2024-02-22 13:10:02,537 - DEBUG - Starting new HTTPS connection (1): api.openweathermap.org:443
2024-02-22 13:10:07,960 - DEBUG - https://api.openweathermap.org:443 "GET /data/2.5/weather?lat=19.295867896783285&lon=-97.76888973800806&appid=114eeff82a1f6c329ac960107187e344&units=metric HTTP/1.1" 200 496
2024-02-22 13:10:23,646 - DEBUG - Starting new HTTPS connection (1): api.openweathermap.org:443
2024-02-22 13:10:24,086 - DEBUG - https://api.openweathermap.org:443 "GET /data/2.5/weather?lat=19.295867896783285&lon=-97.76888973800806&appid=114eeff82a1f6c329ac960107187e344&units=metric HTTP/1.1" 200 496
2024-02-22 13:10:55,122 - DEBUG - Starting new HTTPS connection (1): api.openweathermap.org:443
2024-02-22 13:10:55,681 - DEBUG - https://api.openweathermap.org:443 "GET /data/2.5/weather?lat=19.295867896783285&lon=-97.76888973800806&appid=114eeff82a1f6c329ac960107187e344&units=metric HTTP/1.1" 200 496
2024-02-22 13:11:09,082 - DEBUG - Starting new HTTPS connection (1): api.openweathermap.org:443
2024-02-22 13:11:09,555 - DEBUG - https://api.openweathermap.org:443 "GET /data/2.5/weather?lat=19.295867896783285&lon=-97.76888973800806&appid=114eeff82a1f6c329ac960107187e344&units=metric HTTP/1.1" 200 496
2024-02-22 13:11:15,865 - DEBUG - Starting new HTTPS connection (1): api.openweathermap.org:443
2024-02-22 13:11:16,241 - DEBUG - https://api.openweathermap.org:443 "GET /data/2.5/weather?lat=19.295867896783285&lon=-97.76888973800806&appid=114eeff82a1f6c329ac960107187e344&units=metric HTTP/1.1" 200 496
2024-02-22 13:11:22,169 - DEBUG - Starting new HTTPS connection (1): api.openweathermap.org:443
2024-02-22 13:11:22,632 - DEBUG - https://api.openweathermap.org:443 "GET /data/2.5/weather?lat=19.295867896783285&lon=-97.76888973800806&appid=114eeff82a1f6c329ac960107187e344&units=metric HTTP/1.1" 200 496
2024-02-22 13:11:35,757 - DEBUG - Starting new HTTPS connection (1): api.openweathermap.org:443
2024-02-22 13:11:36,124 - DEBUG - https://api.openweathermap.org:443 "GET /data/2.5/weather?lat=19.295867896783285&lon=-97.76888973800806&appid=114eeff82a1f6c329ac960107187e344&units=metric HTTP/1.1" 200 496
2024-02-22 13:11:39,006 - DEBUG - Starting new HTTPS connection (1): api.openweathermap.org:443
2024-02-22 13:11:39,476 - DEBUG - https://api.openweathermap.org:443 "GET /data/2.5/weather?lat=19.295867896783285&lon=-97.76888973800806&appid=114eeff82a1f6c329ac960107187e344&units=metric HTTP/1.1" 200 496
2024-02-22 13:13:28,257 - DEBUG - Starting new HTTPS connection (1): api.openweathermap.org:443
2024-02-22 13:13:28,706 - DEBUG - https://api.openweathermap.org:443 "GET /data/2.5/weather?lat=19.295867896783285&lon=-97.76888973800806&appid=114eeff82a1f6c329ac960107187e344&units=metric HTTP/1.1" 200 496
2024-02-22 13:13:32,570 - DEBUG - Starting new HTTPS connection (1): api.openweathermap.org:443
2024-02-22 13:13:33,146 - DEBUG - https://api.openweathermap.org:443 "GET /data/2.5/weather?lat=19.295867896783285&lon=-97.76888973800806&appid=114eeff82a1f6c329ac960107187e344&units=metric HTTP/1.1" 200 496
2024-02-22 13:13:48,910 - DEBUG - Starting new HTTPS connection (1): api.openweathermap.org:443
2024-02-22 13:13:49,295 - DEBUG - https://api.openweathermap.org:443 "GET /data/2.5/weather?lat=19.295867896783285&lon=-97.76888973800806&appid=114eeff82a1f6c329ac960107187e344&units=metric HTTP/1.1" 200 496
2024-02-22 13:14:32,629 - DEBUG - Starting new HTTPS connection (1): api.openweathermap.org:443
2024-02-22 13:14:33,008 - DEBUG - https://api.openweathermap.org:443 "GET /data/2.5/weather?lat=19.295867896783285&lon=-97.76888973800806&appid=114eeff82a1f6c329ac960107187e344&units=metric HTTP/1.1" 200 496
2024-02-22 13:14:43,307 - DEBUG - Starting new HTTPS connection (1): api.openweathermap.org:443
2024-02-22 13:14:43,693 - DEBUG - https://api.openweathermap.org:443 "GET /data/2.5/weather?lat=19.295867896783285&lon=-97.76888973800806&appid=114eeff82a1f6c329ac960107187e344&units=metric HTTP/1.1" 200 496
2024-02-22 13:14:48,545 - DEBUG - Starting new HTTPS connection (1): api.openweathermap.org:443
2024-02-22 13:14:48,960 - DEBUG - https://api.openweathermap.org:443 "GET /data/2.5/weather?lat=19.295867896783285&lon=-97.76888973800806&appid=114eeff82a1f6c329ac960107187e344&units=metric HTTP/1.1" 200 496
2024-02-22 13:24:21,967 - DEBUG - Starting new HTTPS connection (1): api.openweathermap.org:443
2024-02-22 13:24:32,510 - DEBUG - https://api.openweathermap.org:443 "GET /data/2.5/weather?lat=18.923085025419557&lon=-98.39557636380162&appid=114eeff82a1f6c329ac960107187e344&units=metric HTTP/1.1" 200 493
2024-02-22 13:24:50,862 - DEBUG - Starting new HTTPS connection (1): api.openweathermap.org:443
2024-02-22 13:24:51,219 - DEBUG - https://api.openweathermap.org:443 "GET /data/2.5/weather?lat=18.923085025419557&lon=-98.39557636380162&appid=114eeff82a1f6c329ac960107187e344&units=metric HTTP/1.1" 200 493
2024-02-22 13:25:55,086 - DEBUG - Starting new HTTPS connection (1): api.openweathermap.org:443
2024-02-22 13:25:55,540 - DEBUG - https://api.openweathermap.org:443 "GET /data/2.5/weather?lat=19.295867896783285&lon=-97.76888973800806&appid=114eeff82a1f6c329ac960107187e344&units=metric HTTP/1.1" 200 496
2024-02-22 13:27:32,790 - DEBUG - Starting new HTTPS connection (1): api.openweathermap.org:443
2024-02-22 13:27:33,198 - DEBUG - https://api.openweathermap.org:443 "GET /data/2.5/weather?lat=18.52639736316348&lon=-97.47871399384229&appid=114eeff82a1f6c329ac960107187e344&units=metric HTTP/1.1" 200 509
2024-02-22 13:27:56,310 - DEBUG - Starting new HTTPS connection (1): api.openweathermap.org:443
2024-02-22 13:27:56,752 - DEBUG - https://api.openweathermap.org:443 "GET /data/2.5/weather?lat=18.52639736316348&lon=-97.47871399384229&appid=114eeff82a1f6c329ac960107187e344&units=metric HTTP/1.1" 200 508
2024-02-22 13:28:13,246 - DEBUG - Starting new HTTPS connection (1): api.openweathermap.org:443
2024-02-22 13:28:13,777 - DEBUG - https://api.openweathermap.org:443 "GET /data/2.5/weather?lat=33.39119277195364&lon=-112.5928040604769&appid=114eeff82a1f6c329ac960107187e344&units=metric HTTP/1.1" 200 462
2024-02-22 13:28:16,323 - DEBUG - Starting new HTTPS connection (1): api.openweathermap.org:443
2024-02-22 13:28:16,840 - DEBUG - https://api.openweathermap.org:443 "GET /data/2.5/weather?lat=18.52639736316348&lon=-97.47871399384229&appid=114eeff82a1f6c329ac960107187e344&units=metric HTTP/1.1" 200 509
2024-02-22 13:29:25,342 - DEBUG - Starting new HTTPS connection (1): api.openweathermap.org:443
2024-02-22 13:29:25,796 - DEBUG - https://api.openweathermap.org:443 "GET /data/2.5/weather?lat=19.295867896783285&lon=-97.76888973800806&appid=114eeff82a1f6c329ac960107187e344&units=metric HTTP/1.1" 200 496
2024-02-22 13:31:07,936 - DEBUG - Starting new HTTPS connection (1): api.openweathermap.org:443
2024-02-22 13:31:08,567 - DEBUG - https://api.openweathermap.org:443 "GET /data/2.5/weather?lat=18.52639736316348&lon=-97.47871399384229&appid=114eeff82a1f6c329ac960107187e344&units=metric HTTP/1.1" 200 506
2024-02-22 13:31:10,724 - DEBUG - Starting new HTTPS connection (1): api.openweathermap.org:443
2024-02-22 13:31:11,103 - DEBUG - https://api.openweathermap.org:443 "GET /data/2.5/weather?lat=19.295867896783285&lon=-97.76888973800806&appid=114eeff82a1f6c329ac960107187e344&units=metric HTTP/1.1" 200 496
2024-02-22 13:31:11,831 - DEBUG - Starting new HTTPS connection (1): api.openweathermap.org:443
2024-02-22 13:31:12,302 - DEBUG - https://api.openweathermap.org:443 "GET /data/2.5/weather?lat=18.52639736316348&lon=-97.47871399384229&appid=114eeff82a1f6c329ac960107187e344&units=metric HTTP/1.1" 200 506
2024-02-22 13:31:13,024 - DEBUG - Starting new HTTPS connection (1): api.openweathermap.org:443
2024-02-22 13:31:13,556 - DEBUG - https://api.openweathermap.org:443 "GET /data/2.5/weather?lat=19.295867896783285&lon=-97.76888973800806&appid=114eeff82a1f6c329ac960107187e344&units=metric HTTP/1.1" 200 494
2024-02-22 13:31:39,057 - DEBUG - Starting new HTTPS connection (1): api.openweathermap.org:443
2024-02-22 13:31:39,461 - DEBUG - https://api.openweathermap.org:443 "GET /data/2.5/weather?lat=18.52639736316348&lon=-97.47871399384229&appid=114eeff82a1f6c329ac960107187e344&units=metric HTTP/1.1" 200 508
2024-02-22 13:31:40,436 - DEBUG - Starting new HTTPS connection (1): api.openweathermap.org:443
2024-02-22 13:31:49,579 - DEBUG - Starting new HTTPS connection (1): api.openweathermap.org:443
2024-02-22 13:31:49,941 - DEBUG - https://api.openweathermap.org:443 "GET /data/2.5/weather?lat=19.295867896783285&lon=-97.76888973800806&appid=114eeff82a1f6c329ac960107187e344&units=metric HTTP/1.1" 200 496
2024-02-22 13:31:50,717 - DEBUG - Starting new HTTPS connection (1): api.openweathermap.org:443
2024-02-22 13:31:51,182 - DEBUG - https://api.openweathermap.org:443 "GET /data/2.5/weather?lat=33.39119277195364&lon=-112.5928040604769&appid=114eeff82a1f6c329ac960107187e344&units=metric HTTP/1.1" 200 462
2024-02-22 13:31:51,847 - DEBUG - Starting new HTTPS connection (1): api.openweathermap.org:443
2024-02-22 13:31:52,263 - DEBUG - https://api.openweathermap.org:443 "GET /data/2.5/weather?lat=18.52639736316348&lon=-97.47871399384229&appid=114eeff82a1f6c329ac960107187e344&units=metric HTTP/1.1" 200 506
2024-02-22 13:31:52,921 - DEBUG - Starting new HTTPS connection (1): api.openweathermap.org:443
2024-02-22 13:31:53,413 - DEBUG - https://api.openweathermap.org:443 "GET /data/2.5/weather?lat=19.295867896783285&lon=-97.76888973800806&appid=114eeff82a1f6c329ac960107187e344&units=metric HTTP/1.1" 200 496
2024-02-22 13:31:53,946 - DEBUG - Starting new HTTPS connection (1): api.openweathermap.org:443
2024-02-22 13:31:54,368 - DEBUG - https://api.openweathermap.org:443 "GET /data/2.5/weather?lat=33.39119277195364&lon=-112.5928040604769&appid=114eeff82a1f6c329ac960107187e344&units=metric HTTP/1.1" 200 463
2024-02-22 13:31:55,221 - DEBUG - Starting new HTTPS connection (1): api.openweathermap.org:443
2024-02-22 13:31:55,583 - DEBUG - https://api.openweathermap.org:443 "GET /data/2.5/weather?lat=33.39119277195364&lon=-112.5928040604769&appid=114eeff82a1f6c329ac960107187e344&units=metric HTTP/1.1" 200 463
2024-02-22 13:33:06,655 - DEBUG - Starting new HTTPS connection (1): api.openweathermap.org:443
2024-02-22 13:33:07,068 - DEBUG - https://api.openweathermap.org:443 "GET /data/2.5/weather?lat=18.52639736316348&lon=-97.47871399384229&appid=114eeff82a1f6c329ac960107187e344&units=metric HTTP/1.1" 200 508
2024-02-22 13:33:44,502 - DEBUG - Starting new HTTPS connection (1): api.openweathermap.org:443
2024-02-22 13:33:45,060 - DEBUG - https://api.openweathermap.org:443 "GET /data/2.5/weather?lat=19.295867896783285&lon=-97.76888973800806&appid=114eeff82a1f6c329ac960107187e344&units=metric&lang='es' HTTP/1.1" 200 494
2024-02-22 13:33:51,280 - DEBUG - Starting new HTTPS connection (1): api.openweathermap.org:443
2024-02-22 13:33:51,740 - DEBUG - https://api.openweathermap.org:443 "GET /data/2.5/weather?lat=19.295867896783285&lon=-97.76888973800806&appid=114eeff82a1f6c329ac960107187e344&units=metric&lang='esp' HTTP/1.1" 200 494
2024-02-22 13:34:26,710 - DEBUG - Starting new HTTPS connection (1): api.openweathermap.org:443
2024-02-22 13:34:27,111 - DEBUG - https://api.openweathermap.org:443 "GET /data/2.5/weather?lat=19.295867896783285&lon=-97.76888973800806&appid=114eeff82a1f6c329ac960107187e344&units=metric&lang='fr' HTTP/1.1" 200 494
2024-02-22 13:34:33,679 - DEBUG - Starting new HTTPS connection (1): api.openweathermap.org:443
2024-02-22 13:34:34,108 - DEBUG - https://api.openweathermap.org:443 "GET /data/2.5/weather?lat=19.295867896783285&lon=-97.76888973800806&appid=114eeff82a1f6c329ac960107187e344&units=metric&lang='fr' HTTP/1.1" 200 494
2024-02-22 13:34:34,948 - DEBUG - Starting new HTTPS connection (1): api.openweathermap.org:443
2024-02-22 13:34:35,335 - DEBUG - https://api.openweathermap.org:443 "GET /data/2.5/weather?lat=19.295867896783285&lon=-97.76888973800806&appid=114eeff82a1f6c329ac960107187e344&units=metric&lang='fr' HTTP/1.1" 200 494
2024-02-22 13:36:17,094 - DEBUG - Starting new HTTPS connection (1): api.openweathermap.org:443
2024-02-22 13:36:17,460 - DEBUG - https://api.openweathermap.org:443 "GET /data/2.5/weather?lat=19.295867896783285&lon=-97.76888973800806&appid=114eeff82a1f6c329ac960107187e344&units=metric&lang='fr' HTTP/1.1" 200 494
2024-02-22 14:22:41,746 - DEBUG - Starting new HTTP connection (1): api.openweathermap.org:80
2024-02-22 14:22:42,181 - DEBUG - http://api.openweathermap.org:80 "GET /data/2.5/air_pollution?lat=19.295867896783285&lon=-97.76888973800806&appid=114eeff82a1f6c329ac960107187e344&units=metric HTTP/1.1" 200 190
2024-02-22 14:39:55,114 - DEBUG - Starting new HTTP connection (1): api.openweathermap.org:80
2024-02-22 14:39:55,560 - DEBUG - http://api.openweathermap.org:80 "GET /data/2.5/air_pollution?lat=19.295867896783285&lon=-97.76888973800806&appid=114eeff82a1f6c329ac960107187e344 HTTP/1.1" 200 190
2024-02-22 14:40:03,187 - DEBUG - Starting new HTTP connection (1): api.openweathermap.org:80
2024-02-22 14:40:03,768 - DEBUG - http://api.openweathermap.org:80 "GET /data/2.5/air_pollution?lat=19.295867896783285&lon=-97.76888973800806&appid=114eeff82a1f6c329ac960107187e344&units=metric HTTP/1.1" 200 190
2024-02-22 15:01:30,479 - DEBUG - Starting new HTTP connection (1): api.openweathermap.org:80
2024-02-22 15:01:30,856 - DEBUG - http://api.openweathermap.org:80 "GET /data/2.5/air_pollution?lat=19.295867896783285&lon=-97.76888973800806&appid=114eeff82a1f6c329ac960107187e344 HTTP/1.1" 200 190
2024-02-22 15:01:43,585 - DEBUG - Starting new HTTP connection (1): api.openweathermap.org:80
2024-02-22 15:01:44,014 - DEBUG - http://api.openweathermap.org:80 "GET /data/2.5/air_pollution?lat=19.295867896783285&lon=-97.76888973800806&appid=114eeff82a1f6c329ac960107187e344&units=metric HTTP/1.1" 200 190
2024-02-22 15:04:11,831 - DEBUG - Starting new HTTP connection (1): api.openweathermap.org:80
2024-02-22 15:04:12,012 - DEBUG - http://api.openweathermap.org:80 "GET /data/2.5/air_pollution?lat=19.295867896783285&lon=-97.76888973800806&appid=114eeff82a1f6c329ac960107187e344&units=metric HTTP/1.1" 200 190
2024-02-22 15:05:38,128 - DEBUG - Starting new HTTP connection (1): api.openweathermap.org:80
2024-02-22 15:05:38,329 - DEBUG - http://api.openweathermap.org:80 "GET /data/2.5/air_pollution?lat=19.295867896783285&lon=-97.76888973800806&appid=114eeff82a1f6c329ac960107187e344&units=metric HTTP/1.1" 200 190
2024-02-22 15:05:44,718 - DEBUG - Starting new HTTP connection (1): api.openweathermap.org:80
2024-02-22 15:05:44,918 - DEBUG - http://api.openweathermap.org:80 "GET /data/2.5/air_pollution?lat=19.295867896783285&lon=-97.76888973800806&appid=114eeff82a1f6c329ac960107187e344&units=metric HTTP/1.1" 200 190
2024-02-22 15:14:25,108 - DEBUG - Starting new HTTPS connection (1): api.openweathermap.org:443
2024-02-22 15:14:35,530 - DEBUG - Starting new HTTPS connection (1): api.openweathermap.org:443
2024-02-22 15:14:36,055 - DEBUG - https://api.openweathermap.org:443 "GET /data/2.5/weather?lat=19.295867896783285&lon=-97.76888973800806&appid=114eeff82a1f6c329ac960107187e344&units=metric HTTP/1.1" 200 495
2024-02-22 15:14:36,116 - DEBUG - Starting new HTTPS connection (1): api.openweathermap.org:443
2024-02-22 15:14:36,566 - DEBUG - https://api.openweathermap.org:443 "GET /data/2.5/weather?lat=18.923085025419557&lon=-98.39557636380162&appid=114eeff82a1f6c329ac960107187e344&units=metric HTTP/1.1" 200 512
2024-02-22 15:14:36,569 - DEBUG - Starting new HTTPS connection (1): api.openweathermap.org:443
2024-02-22 15:14:36,921 - DEBUG - https://api.openweathermap.org:443 "GET /data/2.5/weather?lat=19.295867896783285&lon=-97.76888973800806&appid=114eeff82a1f6c329ac960107187e344&units=metric HTTP/1.1" 200 495
2024-02-22 15:14:36,924 - DEBUG - Starting new HTTPS connection (1): api.openweathermap.org:443
2024-02-22 15:14:37,386 - DEBUG - https://api.openweathermap.org:443 "GET /data/2.5/weather?lat=18.52639736316348&lon=-97.47871399384229&appid=114eeff82a1f6c329ac960107187e344&units=metric HTTP/1.1" 200 508
2024-02-22 15:14:37,389 - DEBUG - Starting new HTTPS connection (1): api.openweathermap.org:443
2024-02-22 15:14:37,797 - DEBUG - https://api.openweathermap.org:443 "GET /data/2.5/weather?lat=33.39119277195364&lon=-112.5928040604769&appid=114eeff82a1f6c329ac960107187e344&units=metric HTTP/1.1" 200 477
2024-02-22 15:14:37,834 - DEBUG - Starting new HTTPS connection (1): api.openweathermap.org:443
2024-02-22 15:14:38,187 - DEBUG - https://api.openweathermap.org:443 "GET /data/2.5/weather?lat=33.39119277195364&lon=-112.5928040604769&appid=114eeff82a1f6c329ac960107187e344&units=metric HTTP/1.1" 200 477
2024-02-22 15:14:38,223 - DEBUG - Starting new HTTPS connection (1): api.openweathermap.org:443
2024-02-22 15:14:38,685 - DEBUG - https://api.openweathermap.org:443 "GET /data/2.5/weather?lat=19.295867896783285&lon=-97.76888973800806&appid=114eeff82a1f6c329ac960107187e344&units=metric&lang='fr' HTTP/1.1" 200 495
2024-02-22 15:14:39,382 - DEBUG - Starting new HTTP connection (1): api.openweathermap.org:80
2024-02-22 15:14:39,765 - DEBUG - http://api.openweathermap.org:80 "GET /data/2.5/air_pollution?lat=19.295867896783285&lon=-97.76888973800806&appid=114eeff82a1f6c329ac960107187e344 HTTP/1.1" 200 190
2024-02-22 15:14:39,791 - DEBUG - Starting new HTTP connection (1): api.openweathermap.org:80
2024-02-22 15:14:40,253 - DEBUG - http://api.openweathermap.org:80 "GET /data/2.5/air_pollution?lat=19.295867896783285&lon=-97.76888973800806&appid=114eeff82a1f6c329ac960107187e344&units=metric HTTP/1.1" 200 190
2024-02-22 16:07:27,394 - DEBUG - Starting new HTTPS connection (1): api.openweathermap.org:443
2024-02-22 16:07:27,822 - DEBUG - https://api.openweathermap.org:443 "GET /data/2.5/weather?lat=19.295867896783285&lon=-97.76888973800806&appid=114eeff82a1f6c329ac960107187e344&units=metric HTTP/1.1" 200 495
2024-02-22 16:07:27,889 - DEBUG - Starting new HTTPS connection (1): api.openweathermap.org:443
2024-02-22 16:07:28,320 - DEBUG - https://api.openweathermap.org:443 "GET /data/2.5/weather?lat=18.923085025419557&lon=-98.39557636380162&appid=114eeff82a1f6c329ac960107187e344&units=metric HTTP/1.1" 200 512
2024-02-22 16:07:28,322 - DEBUG - Starting new HTTPS connection (1): api.openweathermap.org:443
2024-02-22 16:07:28,824 - DEBUG - https://api.openweathermap.org:443 "GET /data/2.5/weather?lat=19.295867896783285&lon=-97.76888973800806&appid=114eeff82a1f6c329ac960107187e344&units=metric HTTP/1.1" 200 495
2024-02-22 16:07:28,828 - DEBUG - Starting new HTTPS connection (1): api.openweathermap.org:443
2024-02-22 16:07:29,266 - DEBUG - https://api.openweathermap.org:443 "GET /data/2.5/weather?lat=18.52639736316348&lon=-97.47871399384229&appid=114eeff82a1f6c329ac960107187e344&units=metric HTTP/1.1" 200 507
2024-02-22 16:07:29,270 - DEBUG - Starting new HTTPS connection (1): api.openweathermap.org:443
2024-02-22 16:07:30,959 - DEBUG - https://api.openweathermap.org:443 "GET /data/2.5/weather?lat=33.39119277195364&lon=-112.5928040604769&appid=114eeff82a1f6c329ac960107187e344&units=metric HTTP/1.1" 200 468
2024-02-22 16:07:31,081 - DEBUG - Starting new HTTPS connection (1): api.openweathermap.org:443
2024-02-22 16:07:31,546 - DEBUG - https://api.openweathermap.org:443 "GET /data/2.5/weather?lat=18.52639736316348&lon=-97.47871399384229&appid=114eeff82a1f6c329ac960107187e344&units=metric HTTP/1.1" 200 507
2024-02-22 16:07:31,587 - DEBUG - Starting new HTTPS connection (1): api.openweathermap.org:443
2024-02-22 16:07:32,133 - DEBUG - https://api.openweathermap.org:443 "GET /data/2.5/weather?lat=19.295867896783285&lon=-97.76888973800806&appid=114eeff82a1f6c329ac960107187e344&units=metric&lang='fr' HTTP/1.1" 200 495
2024-02-22 16:07:32,183 - DEBUG - Starting new HTTP connection (1): api.openweathermap.org:80
2024-02-22 16:07:32,676 - DEBUG - http://api.openweathermap.org:80 "GET /data/2.5/air_pollution?lat=19.295867896783285&lon=-97.76888973800806&appid=114eeff82a1f6c329ac960107187e344 HTTP/1.1" 200 190
2024-02-22 16:07:33,105 - DEBUG - Starting new HTTP connection (1): api.openweathermap.org:80
2024-02-22 16:07:33,517 - DEBUG - http://api.openweathermap.org:80 "GET /data/2.5/air_pollution?lat=19.295867896783285&lon=-97.76888973800806&appid=114eeff82a1f6c329ac960107187e344&units=metric HTTP/1.1" 200 190
2024-02-22 16:14:10,651 - DEBUG - Starting new HTTP connection (1): api.openweathermap.org:80
2024-02-22 16:14:16,209 - DEBUG - http://api.openweathermap.org:80 "GET /data/2.5/air_pollution?lat=19.295867896783285&lon=-97.76888973800806&appid=114eeff82a1f6c329ac960107187e344&units=metric HTTP/1.1" 200 190
2024-02-22 16:24:12,891 - DEBUG - Starting new HTTPS connection (1): api.openweathermap.org:443
2024-02-22 16:24:13,284 - DEBUG - https://api.openweathermap.org:443 "GET /data/2.5/weather?lat=19.295867896783285&lon=-97.76888973800806&appid=114eeff82a1f6c329ac960107187e344&units=metric HTTP/1.1" 200 495
2024-02-22 16:24:13,439 - DEBUG - Starting new HTTPS connection (1): api.openweathermap.org:443
2024-02-22 16:24:13,911 - DEBUG - https://api.openweathermap.org:443 "GET /data/2.5/weather?lat=18.923085025419557&lon=-98.39557636380162&appid=114eeff82a1f6c329ac960107187e344&units=metric HTTP/1.1" 200 512
2024-02-22 16:24:13,915 - DEBUG - Starting new HTTPS connection (1): api.openweathermap.org:443
2024-02-22 16:24:14,376 - DEBUG - https://api.openweathermap.org:443 "GET /data/2.5/weather?lat=19.295867896783285&lon=-97.76888973800806&appid=114eeff82a1f6c329ac960107187e344&units=metric HTTP/1.1" 200 495
2024-02-22 16:24:14,381 - DEBUG - Starting new HTTPS connection (1): api.openweathermap.org:443
2024-02-23 09:33:22,852 - DEBUG - Starting new HTTP connection (1): api.openweathermap.org:80
2024-02-23 09:33:23,238 - DEBUG - http://api.openweathermap.org:80 "GET /data/2.5/air_pollution?lat=18.923085025419557&lon=-98.39557636380162&appid=114eeff82a1f6c329ac960107187e344&units=metric HTTP/1.1" 200 195
2024-02-23 09:35:05,794 - DEBUG - Starting new HTTPS connection (1): api.openweathermap.org:443
2024-02-23 09:35:06,243 - DEBUG - https://api.openweathermap.org:443 "GET /data/2.5/weather?lat=18.923085025419557&lon=-98.39557636380162&appid=114eeff82a1f6c329ac960107187e344&units=metric HTTP/1.1" 200 513
2024-02-23 09:54:25,224 - DEBUG - Starting new HTTPS connection (1): api.openweathermap.org:443
2024-02-23 09:54:25,782 - DEBUG - https://api.openweathermap.org:443 "GET /data/2.5/weather?lat=18.923085025419557&lon=-98.39557636380162&appid=114eeff82a1f6c329ac960107187e344&units=metric HTTP/1.1" 200 491
2024-02-23 09:54:38,958 - DEBUG - Starting new HTTPS connection (1): api.openweathermap.org:443
2024-02-23 09:54:39,498 - DEBUG - https://api.openweathermap.org:443 "GET /data/2.5/weather?lat=18.923085025419557&lon=-98.39557636380162&appid=114eeff82a1f6c329ac960107187e344&units=metric HTTP/1.1" 200 491
2024-02-23 09:55:26,778 - DEBUG - Starting new HTTPS connection (1): api.openweathermap.org:443
2024-02-23 09:55:27,195 - DEBUG - https://api.openweathermap.org:443 "GET /data/2.5/weather?lat=18.923085025419557&lon=-98.39557636380162&appid=114eeff82a1f6c329ac960107187e344&units=metric HTTP/1.1" 200 491
2024-02-23 09:55:50,716 - DEBUG - Starting new HTTPS connection (1): api.openweathermap.org:443
2024-02-23 09:55:51,064 - DEBUG - https://api.openweathermap.org:443 "GET /data/2.5/weather?lat=18.923085025419557&lon=-98.39557636380162&appid=114eeff82a1f6c329ac960107187e344&units=metric HTTP/1.1" 200 491
2024-02-23 09:55:57,540 - DEBUG - Starting new HTTPS connection (1): api.openweathermap.org:443
2024-02-23 09:55:57,970 - DEBUG - https://api.openweathermap.org:443 "GET /data/2.5/weather?lat=18.923085025419557&lon=-98.39557636380162&appid=114eeff82a1f6c329ac960107187e344&units=metric HTTP/1.1" 200 491
2024-02-23 09:56:04,292 - DEBUG - Starting new HTTPS connection (1): api.openweathermap.org:443
2024-02-23 09:56:04,722 - DEBUG - https://api.openweathermap.org:443 "GET /data/2.5/weather?lat=18.923085025419557&lon=-98.39557636380162&appid=114eeff82a1f6c329ac960107187e344&units=metric HTTP/1.1" 200 491
2024-02-23 09:56:17,770 - DEBUG - Starting new HTTPS connection (1): api.openweathermap.org:443
2024-02-23 09:56:18,146 - DEBUG - https://api.openweathermap.org:443 "GET /data/2.5/weather?lat=18.923085025419557&lon=-98.39557636380162&appid=114eeff82a1f6c329ac960107187e344&units=metric HTTP/1.1" 200 491
2024-02-23 09:56:18,156 - DEBUG - Starting new HTTPS connection (1): api.openweathermap.org:443
2024-02-23 09:56:18,602 - DEBUG - https://api.openweathermap.org:443 "GET /data/2.5/weather?lat=18.923085025419557&lon=-98.39557636380162&appid=114eeff82a1f6c329ac960107187e344&units=metric HTTP/1.1" 200 491
2024-02-23 09:56:24,549 - DEBUG - Starting new HTTPS connection (1): api.openweathermap.org:443
2024-02-23 09:56:25,120 - DEBUG - https://api.openweathermap.org:443 "GET /data/2.5/weather?lat=18.923085025419557&lon=-98.39557636380162&appid=114eeff82a1f6c329ac960107187e344&units=metric HTTP/1.1" 200 491
2024-02-23 09:56:29,291 - DEBUG - Starting new HTTPS connection (1): api.openweathermap.org:443
2024-02-23 09:56:29,644 - DEBUG - https://api.openweathermap.org:443 "GET /data/2.5/weather?lat=18.923085025419557&lon=-98.39557636380162&appid=114eeff82a1f6c329ac960107187e344&units=metric HTTP/1.1" 200 491
2024-02-23 09:57:00,129 - DEBUG - Starting new HTTPS connection (1): api.openweathermap.org:443
2024-02-23 09:57:00,699 - DEBUG - https://api.openweathermap.org:443 "GET /data/2.5/weather?lat=18.923085025419557&lon=-98.39557636380162&appid=114eeff82a1f6c329ac960107187e344&units=metric HTTP/1.1" 200 491
2024-02-23 09:59:37,407 - DEBUG - Starting new HTTPS connection (1): api.openweathermap.org:443
2024-02-23 09:59:38,010 - DEBUG - https://api.openweathermap.org:443 "GET /data/2.5/weather?lat=18.923085025419557&lon=-98.39557636380162&appid=114eeff82a1f6c329ac960107187e344&units=metric HTTP/1.1" 200 491
2024-02-23 10:01:29,896 - DEBUG - Starting new HTTPS connection (1): api.openweathermap.org:443
2024-02-23 10:01:30,700 - DEBUG - https://api.openweathermap.org:443 "GET /data/2.5/weather?lat=18.923085025419557&lon=-98.39557636380162&appid=114eeff82a1f6c329ac960107187e344&units=metric HTTP/1.1" 200 491
2024-02-23 10:01:52,242 - DEBUG - Starting new HTTPS connection (1): api.openweathermap.org:443
2024-02-23 10:01:53,122 - DEBUG - https://api.openweathermap.org:443 "GET /data/2.5/weather?lat=18.923085025419557&lon=-98.39557636380162&appid=114eeff82a1f6c329ac960107187e344&units=metric HTTP/1.1" 200 491
2024-02-23 10:02:03,327 - DEBUG - Starting new HTTPS connection (1): api.openweathermap.org:443
2024-02-23 10:02:05,475 - DEBUG - https://api.openweathermap.org:443 "GET /data/2.5/weather?lat=18.923085025419557&lon=-98.39557636380162&appid=114eeff82a1f6c329ac960107187e344&units=metric HTTP/1.1" 200 491
2024-02-23 10:05:18,970 - DEBUG - Starting new HTTPS connection (1): api.openweathermap.org:443
2024-02-23 10:05:19,705 - DEBUG - https://api.openweathermap.org:443 "GET /data/2.5/weather?lat=18.923085025419557&lon=-98.39557636380162&appid=114eeff82a1f6c329ac960107187e344&units=metric HTTP/1.1" 200 491
2024-02-23 11:02:43,547 - DEBUG - Starting new HTTPS connection (1): api.openweathermap.org:443
2024-02-23 11:02:44,041 - DEBUG - https://api.openweathermap.org:443 "GET /data/2.5/weather?lat=18.923085025419557&lon=-98.39557636380162&appid=114eeff82a1f6c329ac960107187e344&units=metric HTTP/1.1" 200 493
2024-02-23 11:02:46,792 - DEBUG - Starting new HTTPS connection (1): api.openweathermap.org:443
2024-02-23 11:02:47,146 - DEBUG - https://api.openweathermap.org:443 "GET /data/2.5/weather?lat=18.923085025419557&lon=-98.39557636380162&appid=114eeff82a1f6c329ac960107187e344&units=metric HTTP/1.1" 200 493
2024-02-23 11:03:05,535 - DEBUG - Starting new HTTPS connection (1): api.openweathermap.org:443
2024-02-23 11:03:06,014 - DEBUG - https://api.openweathermap.org:443 "GET /data/2.5/weather?lat=18.923085025419557&lon=-98.39557636380162&appid=114eeff82a1f6c329ac960107187e344&units=metric HTTP/1.1" 200 493
2024-02-23 11:05:56,304 - DEBUG - Starting new HTTPS connection (1): api.openweathermap.org:443
2024-02-23 11:05:56,732 - DEBUG - https://api.openweathermap.org:443 "GET /data/2.5/weather?lat=18.923085025419557&lon=-98.39557636380162&appid=114eeff82a1f6c329ac960107187e344&units=metric HTTP/1.1" 200 493
2024-02-23 11:08:36,045 - DEBUG - Starting new HTTPS connection (1): api.openweathermap.org:443
2024-02-23 11:08:36,430 - DEBUG - https://api.openweathermap.org:443 "GET /data/2.5/weather?lat=18.923085025419557&lon=-98.39557636380162&appid=114eeff82a1f6c329ac960107187e344&units=metric HTTP/1.1" 200 493
2024-02-23 11:22:40,227 - DEBUG - Starting new HTTP connection (1): api.openweathermap.org:80
2024-02-23 11:22:40,589 - DEBUG - http://api.openweathermap.org:80 "GET /data/2.5/air_pollution?lat=18.923085025419557&lon=-98.39557636380162&appid=114eeff82a1f6c329ac960107187e344&units=metric HTTP/1.1" 200 192
2024-02-23 11:23:42,935 - DEBUG - Starting new HTTP connection (1): api.openweathermap.org:80
2024-02-23 11:23:43,340 - DEBUG - http://api.openweathermap.org:80 "GET /data/2.5/air_pollution?lat=18.923085025419557&lon=-98.39557636380162&appid=114eeff82a1f6c329ac960107187e344&units=metric HTTP/1.1" 200 192
2024-02-23 11:24:05,429 - DEBUG - Starting new HTTP connection (1): api.openweathermap.org:80
2024-02-23 11:24:05,633 - DEBUG - http://api.openweathermap.org:80 "GET /data/2.5/air_pollution?lat=18.923085025419557&lon=-98.39557636380162&appid=114eeff82a1f6c329ac960107187e344&units=metric HTTP/1.1" 200 192
2024-02-23 11:30:49,778 - DEBUG - Starting new HTTPS connection (1): api.openweathermap.org:443
2024-02-23 11:30:50,523 - DEBUG - https://api.openweathermap.org:443 "GET /data/2.5/weather?lat=18.923085025419557&lon=-98.39557636380162&appid=114eeff82a1f6c329ac960107187e344&units=metric HTTP/1.1" 200 513
2024-02-23 11:31:04,424 - DEBUG - Starting new HTTP connection (1): api.openweathermap.org:80
2024-02-23 11:31:04,848 - DEBUG - http://api.openweathermap.org:80 "GET /data/2.5/air_pollution?lat=18.923085025419557&lon=-98.39557636380162&appid=114eeff82a1f6c329ac960107187e344&units=metric HTTP/1.1" 200 194
2024-02-23 12:37:43,622 - DEBUG - Starting new HTTP connection (1): api.openweathermap.org:80
2024-02-23 12:37:44,278 - DEBUG - http://api.openweathermap.org:80 "GET /data/2.5/air_pollution?lat=18.923085025419557&lon=-98.39557636380162&appid=114eeff82a1f6c329ac960107187e344&units=metric HTTP/1.1" 200 190
2024-02-23 13:24:30,219 - DEBUG - Starting new HTTPS connection (1): api.openweathermap.org:443
2024-02-23 13:24:30,774 - DEBUG - https://api.openweathermap.org:443 "GET /data/2.5/weather?lat=18.923085025419557&lon=-98.39557636380162&appid=114eeff82a1f6c329ac960107187e344&units=metric HTTP/1.1" 200 513
2024-02-23 13:24:45,247 - DEBUG - Starting new HTTPS connection (1): api.openweathermap.org:443
2024-02-23 13:24:45,624 - DEBUG - https://api.openweathermap.org:443 "GET /data/2.5/weather?lat=18.923085025419557&lon=-98.39557636380162&appid=114eeff82a1f6c329ac960107187e344&units=metric HTTP/1.1" 200 513
2024-02-23 13:24:56,965 - DEBUG - Starting new HTTPS connection (1): api.openweathermap.org:443
2024-02-23 13:24:57,424 - DEBUG - https://api.openweathermap.org:443 "GET /data/2.5/weather?lat=18.923085025419557&lon=-98.39557636380162&appid=114eeff82a1f6c329ac960107187e344&units=metric HTTP/1.1" 200 513
2024-02-23 13:28:09,954 - DEBUG - Starting new HTTPS connection (1): api.openweathermap.org:443
2024-02-23 13:28:10,399 - DEBUG - https://api.openweathermap.org:443 "GET /data/2.5/weather?lat=18.923085025419557&lon=-98.39557636380162&appid=114eeff82a1f6c329ac960107187e344&units=metric HTTP/1.1" 200 513
2024-02-23 13:28:37,724 - DEBUG - Starting new HTTPS connection (1): api.openweathermap.org:443
2024-02-23 13:29:11,273 - DEBUG - https://api.openweathermap.org:443 "GET /data/2.5/weather?lat=18.923085025419557&lon=-98.39557636380162&appid=114eeff82a1f6c329ac960107187e344&units=metric HTTP/1.1" 200 513
2024-02-23 13:29:11,276 - DEBUG - Starting new HTTP connection (1): api.openweathermap.org:80
2024-02-23 13:29:11,631 - DEBUG - http://api.openweathermap.org:80 "GET /data/2.5/air_pollution?lat=18.923085025419557&lon=-98.39557636380162&appid=114eeff82a1f6c329ac960107187e344&units=metric HTTP/1.1" 200 190
2024-02-23 13:32:05,756 - DEBUG - Starting new HTTPS connection (1): api.openweathermap.org:443
2024-02-23 13:32:06,145 - DEBUG - https://api.openweathermap.org:443 "GET /data/2.5/weather?lat=18.923085025419557&lon=-98.39557636380162&appid=114eeff82a1f6c329ac960107187e344&units=metric HTTP/1.1" 200 513
2024-02-23 13:32:06,169 - DEBUG - Starting new HTTPS connection (1): api.openweathermap.org:443
2024-02-23 13:32:06,555 - DEBUG - https://api.openweathermap.org:443 "GET /data/2.5/weather?lat=18.923085025419557&lon=-98.39557636380162&appid=114eeff82a1f6c329ac960107187e344&units=metric HTTP/1.1" 200 513
2024-02-23 13:32:06,582 - DEBUG - Starting new HTTP connection (1): api.openweathermap.org:80
2024-02-23 13:32:06,984 - DEBUG - http://api.openweathermap.org:80 "GET /data/2.5/air_pollution?lat=18.923085025419557&lon=-98.39557636380162&appid=114eeff82a1f6c329ac960107187e344&units=metric HTTP/1.1" 200 191
2024-02-23 13:32:07,036 - DEBUG - Starting new HTTPS connection (1): api.openweathermap.org:443
2024-02-23 13:32:07,447 - DEBUG - https://api.openweathermap.org:443 "GET /data/2.5/weather?lat=18.923085025419557&lon=-98.39557636380162&appid=114eeff82a1f6c329ac960107187e344&units=metric HTTP/1.1" 200 513
2024-02-23 13:32:07,449 - DEBUG - Starting new HTTP connection (1): api.openweathermap.org:80
2024-02-23 13:32:07,645 - DEBUG - http://api.openweathermap.org:80 "GET /data/2.5/air_pollution?lat=18.923085025419557&lon=-98.39557636380162&appid=114eeff82a1f6c329ac960107187e344&units=metric HTTP/1.1" 200 191
2024-02-23 13:34:20,305 - DEBUG - Starting new HTTPS connection (1): api.openweathermap.org:443
2024-02-23 13:34:20,691 - DEBUG - https://api.openweathermap.org:443 "GET /data/2.5/weather?lat=18.923085025419557&lon=-98.39557636380162&appid=114eeff82a1f6c329ac960107187e344&units=metric HTTP/1.1" 200 513
2024-02-23 13:34:36,622 - DEBUG - Starting new HTTPS connection (1): api.openweathermap.org:443
2024-02-23 13:34:37,073 - DEBUG - https://api.openweathermap.org:443 "GET /data/2.5/weather?lat=18.923085025419557&lon=-98.39557636380162&appid=114eeff82a1f6c329ac960107187e344&units=metric HTTP/1.1" 200 512
2024-02-23 13:34:49,423 - DEBUG - Starting new HTTPS connection (1): api.openweathermap.org:443
2024-02-23 13:34:49,822 - DEBUG - https://api.openweathermap.org:443 "GET /data/2.5/weather?lat=18.923085025419557&lon=-98.39557636380162&appid=114eeff82a1f6c329ac960107187e344&units=metric HTTP/1.1" 200 513
2024-02-23 13:34:49,875 - DEBUG - Starting new HTTPS connection (1): api.openweathermap.org:443
2024-02-23 13:34:50,347 - DEBUG - https://api.openweathermap.org:443 "GET /data/2.5/weather?lat=18.923085025419557&lon=-98.39557636380162&appid=114eeff82a1f6c329ac960107187e344&units=metric HTTP/1.1" 200 512
2024-02-23 13:34:50,378 - DEBUG - Starting new HTTP connection (1): api.openweathermap.org:80
2024-02-23 13:34:50,575 - DEBUG - http://api.openweathermap.org:80 "GET /data/2.5/air_pollution?lat=18.923085025419557&lon=-98.39557636380162&appid=114eeff82a1f6c329ac960107187e344&units=metric HTTP/1.1" 200 191
2024-02-23 13:34:50,617 - DEBUG - Starting new HTTPS connection (1): api.openweathermap.org:443
2024-02-23 13:34:51,060 - DEBUG - https://api.openweathermap.org:443 "GET /data/2.5/weather?lat=18.923085025419557&lon=-98.39557636380162&appid=114eeff82a1f6c329ac960107187e344&units=metric HTTP/1.1" 200 513
2024-02-23 13:34:51,063 - DEBUG - Starting new HTTP connection (1): api.openweathermap.org:80
2024-02-23 13:34:51,286 - DEBUG - http://api.openweathermap.org:80 "GET /data/2.5/air_pollution?lat=18.923085025419557&lon=-98.39557636380162&appid=114eeff82a1f6c329ac960107187e344&units=metric HTTP/1.1" 200 190
2024-02-23 13:52:42,579 - DEBUG - Starting new HTTPS connection (1): api.openweathermap.org:443
2024-02-23 13:52:43,041 - DEBUG - https://api.openweathermap.org:443 "GET /data/2.5/weather?lat=18.923085025419557&lon=-98.39557636380162&appid=114eeff82a1f6c329ac960107187e344&units=metric HTTP/1.1" 200 491
2024-02-23 13:52:43,044 - DEBUG - Starting new HTTP connection (1): api.openweathermap.org:80
2024-02-23 13:52:43,410 - DEBUG - http://api.openweathermap.org:80 "GET /data/2.5/air_pollution?lat=18.923085025419557&lon=-98.39557636380162&appid=114eeff82a1f6c329ac960107187e344&units=metric HTTP/1.1" 200 191
2024-02-23 13:55:40,051 - DEBUG - Starting new HTTPS connection (1): api.openweathermap.org:443
2024-02-23 13:55:40,451 - DEBUG - https://api.openweathermap.org:443 "GET /data/2.5/weather?lat=18.923085025419557&lon=-98.39557636380162&appid=114eeff82a1f6c329ac960107187e344&units=metric HTTP/1.1" 200 491
2024-02-23 13:55:40,472 - DEBUG - Starting new HTTPS connection (1): api.openweathermap.org:443
2024-02-23 13:55:40,850 - DEBUG - https://api.openweathermap.org:443 "GET /data/2.5/weather?lat=18.923085025419557&lon=-98.39557636380162&appid=114eeff82a1f6c329ac960107187e344&units=metric HTTP/1.1" 200 491
2024-02-23 13:55:40,879 - DEBUG - Starting new HTTP connection (1): api.openweathermap.org:80
2024-02-23 13:55:41,239 - DEBUG - http://api.openweathermap.org:80 "GET /data/2.5/air_pollution?lat=18.923085025419557&lon=-98.39557636380162&appid=114eeff82a1f6c329ac960107187e344&units=metric HTTP/1.1" 200 191
2024-02-23 13:55:41,281 - DEBUG - Starting new HTTPS connection (1): api.openweathermap.org:443
2024-02-23 13:55:41,744 - DEBUG - https://api.openweathermap.org:443 "GET /data/2.5/weather?lat=18.923085025419557&lon=-98.39557636380162&appid=114eeff82a1f6c329ac960107187e344&units=metric HTTP/1.1" 200 491
2024-02-23 13:55:41,747 - DEBUG - Starting new HTTP connection (1): api.openweathermap.org:80
2024-02-23 13:55:41,913 - DEBUG - http://api.openweathermap.org:80 "GET /data/2.5/air_pollution?lat=18.923085025419557&lon=-98.39557636380162&appid=114eeff82a1f6c329ac960107187e344&units=metric HTTP/1.1" 200 191
2024-02-23 13:55:57,591 - DEBUG - Starting new HTTPS connection (1): api.openweathermap.org:443
2024-02-23 13:55:57,994 - DEBUG - https://api.openweathermap.org:443 "GET /data/2.5/weather?lat=18.923085025419557&lon=-98.39557636380162&appid=114eeff82a1f6c329ac960107187e344&units=metric HTTP/1.1" 200 491
2024-02-23 13:55:58,019 - DEBUG - Starting new HTTPS connection (1): api.openweathermap.org:443
2024-02-23 13:55:58,397 - DEBUG - https://api.openweathermap.org:443 "GET /data/2.5/weather?lat=18.923085025419557&lon=-98.39557636380162&appid=114eeff82a1f6c329ac960107187e344&units=metric HTTP/1.1" 200 491
2024-02-23 13:55:58,430 - DEBUG - Starting new HTTP connection (1): api.openweathermap.org:80
2024-02-23 13:55:58,598 - DEBUG - http://api.openweathermap.org:80 "GET /data/2.5/air_pollution?lat=18.923085025419557&lon=-98.39557636380162&appid=114eeff82a1f6c329ac960107187e344&units=metric HTTP/1.1" 200 191
2024-02-23 13:55:58,649 - DEBUG - Starting new HTTPS connection (1): api.openweathermap.org:443
2024-02-23 13:55:59,028 - DEBUG - https://api.openweathermap.org:443 "GET /data/2.5/weather?lat=18.923085025419557&lon=-98.39557636380162&appid=114eeff82a1f6c329ac960107187e344&units=metric HTTP/1.1" 200 491
2024-02-23 13:55:59,030 - DEBUG - Starting new HTTP connection (1): api.openweathermap.org:80
2024-02-23 13:55:59,229 - DEBUG - http://api.openweathermap.org:80 "GET /data/2.5/air_pollution?lat=18.923085025419557&lon=-98.39557636380162&appid=114eeff82a1f6c329ac960107187e344&units=metric HTTP/1.1" 200 191
2024-02-23 13:57:47,730 - DEBUG - Starting new HTTPS connection (1): api.openweathermap.org:443
2024-02-23 13:57:48,127 - DEBUG - https://api.openweathermap.org:443 "GET /data/2.5/weather?lat=18.923085025419557&lon=-98.39557636380162&appid=114eeff82a1f6c329ac960107187e344&units=metric HTTP/1.1" 200 491
2024-02-23 13:57:48,129 - DEBUG - Starting new HTTP connection (1): api.openweathermap.org:80
2024-02-23 13:57:48,514 - DEBUG - http://api.openweathermap.org:80 "GET /data/2.5/air_pollution?lat=18.923085025419557&lon=-98.39557636380162&appid=114eeff82a1f6c329ac960107187e344&units=metric HTTP/1.1" 200 191
2024-02-23 13:59:58,176 - DEBUG - Starting new HTTPS connection (1): api.openweathermap.org:443
2024-02-23 13:59:58,549 - DEBUG - https://api.openweathermap.org:443 "GET /data/2.5/weather?lat=18.923085025419557&lon=-98.39557636380162&appid=114eeff82a1f6c329ac960107187e344&units=metric HTTP/1.1" 200 491
2024-02-23 13:59:58,572 - DEBUG - Starting new HTTPS connection (1): api.openweathermap.org:443
2024-02-23 13:59:58,936 - DEBUG - https://api.openweathermap.org:443 "GET /data/2.5/weather?lat=18.923085025419557&lon=-98.39557636380162&appid=114eeff82a1f6c329ac960107187e344&units=metric HTTP/1.1" 200 491
2024-02-23 13:59:58,960 - DEBUG - Starting new HTTP connection (1): api.openweathermap.org:80
2024-02-23 13:59:59,198 - DEBUG - http://api.openweathermap.org:80 "GET /data/2.5/air_pollution?lat=18.923085025419557&lon=-98.39557636380162&appid=114eeff82a1f6c329ac960107187e344&units=metric HTTP/1.1" 200 191
2024-02-23 13:59:59,239 - DEBUG - Starting new HTTPS connection (1): api.openweathermap.org:443
2024-02-23 13:59:59,613 - DEBUG - https://api.openweathermap.org:443 "GET /data/2.5/weather?lat=18.923085025419557&lon=-98.39557636380162&appid=114eeff82a1f6c329ac960107187e344&units=metric HTTP/1.1" 200 491
2024-02-23 13:59:59,615 - DEBUG - Starting new HTTP connection (1): api.openweathermap.org:80
2024-02-23 13:59:59,781 - DEBUG - http://api.openweathermap.org:80 "GET /data/2.5/air_pollution?lat=18.923085025419557&lon=-98.39557636380162&appid=114eeff82a1f6c329ac960107187e344&units=metric HTTP/1.1" 200 191
2024-02-23 14:06:50,054 - DEBUG - Starting new HTTPS connection (1): api.openweathermap.org:443
2024-02-23 14:06:50,450 - DEBUG - https://api.openweathermap.org:443 "GET /data/2.5/weather?lat=18.923085025419557&lon=-98.39557636380162&appid=114eeff82a1f6c329ac960107187e344&units=metric HTTP/1.1" 200 513
2024-02-23 14:06:50,453 - DEBUG - Starting new HTTP connection (1): api.openweathermap.org:80
2024-02-23 14:06:50,834 - DEBUG - http://api.openweathermap.org:80 "GET /data/2.5/air_pollution?lat=18.923085025419557&lon=-98.39557636380162&appid=114eeff82a1f6c329ac960107187e344&units=metric HTTP/1.1" 200 191
2024-02-23 14:09:01,106 - DEBUG - Starting new HTTPS connection (1): api.openweathermap.org:443
2024-02-23 14:09:02,725 - DEBUG - https://api.openweathermap.org:443 "GET /data/2.5/weather?lat=19.295867896783285&lon=-97.76888973800806&appid=114eeff82a1f6c329ac960107187e344&units=metric HTTP/1.1" 200 495
2024-02-23 14:09:02,780 - DEBUG - Starting new HTTPS connection (1): api.openweathermap.org:443
2024-02-23 14:09:03,260 - DEBUG - https://api.openweathermap.org:443 "GET /data/2.5/weather?lat=18.923085025419557&lon=-98.39557636380162&appid=114eeff82a1f6c329ac960107187e344&units=metric HTTP/1.1" 200 513
2024-02-23 14:09:03,262 - DEBUG - Starting new HTTPS connection (1): api.openweathermap.org:443
2024-02-23 14:09:03,967 - DEBUG - https://api.openweathermap.org:443 "GET /data/2.5/weather?lat=19.295867896783285&lon=-97.76888973800806&appid=114eeff82a1f6c329ac960107187e344&units=metric HTTP/1.1" 200 495
2024-02-23 14:09:03,969 - DEBUG - Starting new HTTPS connection (1): api.openweathermap.org:443
2024-02-23 14:09:04,342 - DEBUG - https://api.openweathermap.org:443 "GET /data/2.5/weather?lat=18.52639736316348&lon=-97.47871399384229&appid=114eeff82a1f6c329ac960107187e344&units=metric HTTP/1.1" 200 508
2024-02-23 14:09:04,345 - DEBUG - Starting new HTTPS connection (1): api.openweathermap.org:443
2024-02-23 14:09:04,763 - DEBUG - https://api.openweathermap.org:443 "GET /data/2.5/weather?lat=33.39119277195364&lon=-112.5928040604769&appid=114eeff82a1f6c329ac960107187e344&units=metric HTTP/1.1" 200 462
2024-02-23 14:09:04,765 - DEBUG - Starting new HTTPS connection (1): api.openweathermap.org:443
2024-02-23 14:09:05,219 - DEBUG - https://api.openweathermap.org:443 "GET /data/2.5/weather?lat=19.059194242808232&lon=-98.27455292189993&appid=114eeff82a1f6c329ac960107187e344&units=metric HTTP/1.1" 200 472
2024-02-23 14:09:05,257 - DEBUG - Starting new HTTPS connection (1): api.openweathermap.org:443
2024-02-23 14:09:05,691 - DEBUG - https://api.openweathermap.org:443 "GET /data/2.5/weather?lat=33.39119277195364&lon=-112.5928040604769&appid=114eeff82a1f6c329ac960107187e344&units=metric HTTP/1.1" 200 462
2024-02-23 14:09:05,727 - DEBUG - Starting new HTTPS connection (1): api.openweathermap.org:443
2024-02-23 14:09:06,224 - DEBUG - https://api.openweathermap.org:443 "GET /data/2.5/weather?lat=19.295867896783285&lon=-97.76888973800806&appid=114eeff82a1f6c329ac960107187e344&units=metric&lang='fr' HTTP/1.1" 200 495
2024-02-23 14:09:06,252 - DEBUG - Starting new HTTP connection (1): api.openweathermap.org:80
2024-02-23 14:09:06,684 - DEBUG - http://api.openweathermap.org:80 "GET /data/2.5/air_pollution?lat=19.295867896783285&lon=-97.76888973800806&appid=114eeff82a1f6c329ac960107187e344 HTTP/1.1" 200 191
2024-02-23 14:09:06,697 - DEBUG - Starting new HTTP connection (1): api.openweathermap.org:80
2024-02-23 14:09:07,043 - DEBUG - http://api.openweathermap.org:80 "GET /data/2.5/air_pollution?lat=19.295867896783285&lon=-97.76888973800806&appid=114eeff82a1f6c329ac960107187e344&units=metric HTTP/1.1" 200 191
2024-02-23 14:09:12,926 - DEBUG - Starting new HTTPS connection (1): api.openweathermap.org:443
2024-02-23 14:09:13,308 - DEBUG - https://api.openweathermap.org:443 "GET /data/2.5/weather?lat=18.923085025419557&lon=-98.39557636380162&appid=114eeff82a1f6c329ac960107187e344&units=metric HTTP/1.1" 200 513
2024-02-23 14:09:13,332 - DEBUG - Starting new HTTPS connection (1): api.openweathermap.org:443
2024-02-23 14:09:13,691 - DEBUG - https://api.openweathermap.org:443 "GET /data/2.5/weather?lat=18.923085025419557&lon=-98.39557636380162&appid=114eeff82a1f6c329ac960107187e344&units=metric HTTP/1.1" 200 513
2024-02-23 14:09:13,723 - DEBUG - Starting new HTTP connection (1): api.openweathermap.org:80
2024-02-23 14:09:13,894 - DEBUG - http://api.openweathermap.org:80 "GET /data/2.5/air_pollution?lat=18.923085025419557&lon=-98.39557636380162&appid=114eeff82a1f6c329ac960107187e344&units=metric HTTP/1.1" 200 191
2024-02-23 14:09:13,951 - DEBUG - Starting new HTTPS connection (1): api.openweathermap.org:443
2024-02-23 14:09:14,336 - DEBUG - https://api.openweathermap.org:443 "GET /data/2.5/weather?lat=18.923085025419557&lon=-98.39557636380162&appid=114eeff82a1f6c329ac960107187e344&units=metric HTTP/1.1" 200 513
2024-02-23 14:09:14,338 - DEBUG - Starting new HTTP connection (1): api.openweathermap.org:80
2024-02-23 14:09:14,969 - DEBUG - http://api.openweathermap.org:80 "GET /data/2.5/air_pollution?lat=18.923085025419557&lon=-98.39557636380162&appid=114eeff82a1f6c329ac960107187e344&units=metric HTTP/1.1" 200 191
2024-02-23 14:09:30,364 - DEBUG - Starting new HTTPS connection (1): api.openweathermap.org:443
2024-02-23 14:09:30,902 - DEBUG - https://api.openweathermap.org:443 "GET /data/2.5/weather?lat=18.923085025419557&lon=-98.39557636380162&appid=114eeff82a1f6c329ac960107187e344&units=metric HTTP/1.1" 200 513
2024-02-23 14:09:30,904 - DEBUG - Starting new HTTP connection (1): api.openweathermap.org:80
2024-02-23 14:09:31,099 - DEBUG - http://api.openweathermap.org:80 "GET /data/2.5/air_pollution?lat=18.923085025419557&lon=-98.39557636380162&appid=114eeff82a1f6c329ac960107187e344&units=metric HTTP/1.1" 200 191
2024-02-23 14:10:49,200 - DEBUG - Starting new HTTPS connection (1): api.openweathermap.org:443
2024-02-23 14:10:49,588 - DEBUG - https://api.openweathermap.org:443 "GET /data/2.5/weather?lat=18.923085025419557&lon=-98.39557636380162&appid=114eeff82a1f6c329ac960107187e344&units=metric HTTP/1.1" 200 513
2024-02-23 14:10:49,590 - DEBUG - Starting new HTTP connection (1): api.openweathermap.org:80
2024-02-23 14:10:49,756 - DEBUG - http://api.openweathermap.org:80 "GET /data/2.5/air_pollution?lat=18.923085025419557&lon=-98.39557636380162&appid=114eeff82a1f6c329ac960107187e344&units=metric HTTP/1.1" 200 191
2024-02-23 14:11:01,535 - DEBUG - Starting new HTTPS connection (1): api.openweathermap.org:443
2024-02-23 14:11:01,971 - DEBUG - https://api.openweathermap.org:443 "GET /data/2.5/weather?lat=18.923085025419557&lon=-98.39557636380162&appid=114eeff82a1f6c329ac960107187e344&units=metric HTTP/1.1" 200 513
2024-02-23 14:11:01,973 - DEBUG - Starting new HTTP connection (1): api.openweathermap.org:80
2024-02-23 14:11:02,168 - DEBUG - http://api.openweathermap.org:80 "GET /data/2.5/air_pollution?lat=18.923085025419557&lon=-98.39557636380162&appid=114eeff82a1f6c329ac960107187e344&units=metric HTTP/1.1" 200 191
2024-02-23 14:11:15,680 - DEBUG - Starting new HTTPS connection (1): api.openweathermap.org:443
2024-02-23 14:11:16,106 - DEBUG - https://api.openweathermap.org:443 "GET /data/2.5/weather?lat=19.059194242808232&lon=-98.27455292189993&appid=114eeff82a1f6c329ac960107187e344&units=metric HTTP/1.1" 200 488
2024-02-23 14:11:16,108 - DEBUG - Starting new HTTP connection (1): api.openweathermap.org:80
2024-02-23 14:11:16,493 - DEBUG - http://api.openweathermap.org:80 "GET /data/2.5/air_pollution?lat=19.059194242808232&lon=-98.27455292189993&appid=114eeff82a1f6c329ac960107187e344&units=metric HTTP/1.1" 200 191
2024-02-23 14:11:30,648 - DEBUG - Starting new HTTPS connection (1): api.openweathermap.org:443
2024-02-23 14:11:30,999 - DEBUG - https://api.openweathermap.org:443 "GET /data/2.5/weather?lat=19.059194242808232&lon=-98.27455292189993&appid=114eeff82a1f6c329ac960107187e344&units=metric HTTP/1.1" 200 488
2024-02-23 14:11:31,002 - DEBUG - Starting new HTTP connection (1): api.openweathermap.org:80
2024-02-23 14:11:31,605 - DEBUG - http://api.openweathermap.org:80 "GET /data/2.5/air_pollution?lat=19.059194242808232&lon=-98.27455292189993&appid=114eeff82a1f6c329ac960107187e344&units=metric HTTP/1.1" 200 191
2024-02-23 14:11:31,606 - DEBUG - Starting new HTTPS connection (1): api.openweathermap.org:443
2024-02-23 14:11:32,086 - DEBUG - https://api.openweathermap.org:443 "GET /data/2.5/weather?lat=19.059194242808232&lon=-98.27455292189993&appid=114eeff82a1f6c329ac960107187e344&units=metric HTTP/1.1" 200 488
2024-02-23 14:11:32,088 - DEBUG - Starting new HTTP connection (1): api.openweathermap.org:80
2024-02-23 14:11:32,410 - DEBUG - http://api.openweathermap.org:80 "GET /data/2.5/air_pollution?lat=19.059194242808232&lon=-98.27455292189993&appid=114eeff82a1f6c329ac960107187e344&units=metric HTTP/1.1" 200 191
2024-02-23 14:16:43,088 - DEBUG - Starting new HTTPS connection (1): api.openweathermap.org:443
2024-02-23 14:16:43,441 - DEBUG - https://api.openweathermap.org:443 "GET /data/2.5/weather?lat=18.923085025419557&lon=-98.39557636380162&appid=114eeff82a1f6c329ac960107187e344&units=metric HTTP/1.1" 200 513
2024-02-23 14:16:43,461 - DEBUG - Starting new HTTPS connection (1): api.openweathermap.org:443
2024-02-23 14:16:43,815 - DEBUG - https://api.openweathermap.org:443 "GET /data/2.5/weather?lat=18.923085025419557&lon=-98.39557636380162&appid=114eeff82a1f6c329ac960107187e344&units=metric HTTP/1.1" 200 513
2024-02-23 14:16:43,840 - DEBUG - Starting new HTTP connection (1): api.openweathermap.org:80
2024-02-23 14:16:44,014 - DEBUG - http://api.openweathermap.org:80 "GET /data/2.5/air_pollution?lat=18.923085025419557&lon=-98.39557636380162&appid=114eeff82a1f6c329ac960107187e344&units=metric HTTP/1.1" 200 191
2024-02-23 14:16:44,071 - DEBUG - Starting new HTTPS connection (1): api.openweathermap.org:443
2024-02-23 14:16:44,422 - DEBUG - https://api.openweathermap.org:443 "GET /data/2.5/weather?lat=18.923085025419557&lon=-98.39557636380162&appid=114eeff82a1f6c329ac960107187e344&units=metric HTTP/1.1" 200 513
2024-02-23 14:16:44,424 - DEBUG - Starting new HTTP connection (1): api.openweathermap.org:80
2024-02-23 14:16:44,616 - DEBUG - http://api.openweathermap.org:80 "GET /data/2.5/air_pollution?lat=18.923085025419557&lon=-98.39557636380162&appid=114eeff82a1f6c329ac960107187e344&units=metric HTTP/1.1" 200 191
2024-02-23 14:18:12,841 - DEBUG - Starting new HTTPS connection (1): api.openweathermap.org:443
2024-02-23 14:18:13,260 - DEBUG - https://api.openweathermap.org:443 "GET /data/2.5/weather?lat=18.923085025419557&lon=-98.39557636380162&appid=114eeff82a1f6c329ac960107187e344&units=metric HTTP/1.1" 200 513
2024-02-23 14:18:13,282 - DEBUG - Starting new HTTPS connection (1): api.openweathermap.org:443
2024-02-23 14:18:13,733 - DEBUG - https://api.openweathermap.org:443 "GET /data/2.5/weather?lat=18.923085025419557&lon=-98.39557636380162&appid=114eeff82a1f6c329ac960107187e344&units=metric HTTP/1.1" 200 513
2024-02-23 14:18:13,761 - DEBUG - Starting new HTTP connection (1): api.openweathermap.org:80
2024-02-23 14:18:14,207 - DEBUG - http://api.openweathermap.org:80 "GET /data/2.5/air_pollution?lat=18.923085025419557&lon=-98.39557636380162&appid=114eeff82a1f6c329ac960107187e344&units=metric HTTP/1.1" 200 191
2024-02-23 14:18:14,274 - DEBUG - Starting new HTTPS connection (1): api.openweathermap.org:443
2024-02-23 14:18:14,641 - DEBUG - https://api.openweathermap.org:443 "GET /data/2.5/weather?lat=18.923085025419557&lon=-98.39557636380162&appid=114eeff82a1f6c329ac960107187e344&units=metric HTTP/1.1" 200 513
2024-02-23 14:18:14,643 - DEBUG - Starting new HTTP connection (1): api.openweathermap.org:80
2024-02-23 14:18:15,147 - DEBUG - http://api.openweathermap.org:80 "GET /data/2.5/air_pollution?lat=18.923085025419557&lon=-98.39557636380162&appid=114eeff82a1f6c329ac960107187e344&units=metric HTTP/1.1" 200 191
2024-02-23 14:18:46,740 - DEBUG - Starting new HTTPS connection (1): api.openweathermap.org:443
2024-02-23 14:18:47,092 - DEBUG - https://api.openweathermap.org:443 "GET /data/2.5/weather?lat=19.059194242808232&lon=-98.27455292189993&appid=114eeff82a1f6c329ac960107187e344&units=metric HTTP/1.1" 200 488
2024-02-23 14:18:47,095 - DEBUG - Starting new HTTP connection (1): api.openweathermap.org:80
2024-02-23 14:18:47,287 - DEBUG - http://api.openweathermap.org:80 "GET /data/2.5/air_pollution?lat=19.059194242808232&lon=-98.27455292189993&appid=114eeff82a1f6c329ac960107187e344&units=metric HTTP/1.1" 200 191
2024-02-23 14:25:40,255 - DEBUG - Starting new HTTPS connection (1): api.openweathermap.org:443
2024-02-23 14:25:40,712 - DEBUG - https://api.openweathermap.org:443 "GET /data/2.5/weather?lat=19.059194242808232&lon=-98.27455292189993&appid=114eeff82a1f6c329ac960107187e344&units=metric HTTP/1.1" 200 472
2024-02-23 14:25:40,714 - DEBUG - Starting new HTTP connection (1): api.openweathermap.org:80
2024-02-23 14:25:41,116 - DEBUG - http://api.openweathermap.org:80 "GET /data/2.5/air_pollution?lat=19.059194242808232&lon=-98.27455292189993&appid=114eeff82a1f6c329ac960107187e344&units=metric HTTP/1.1" 200 191
2024-02-23 14:26:44,826 - DEBUG - Starting new HTTPS connection (1): api.openweathermap.org:443
2024-02-23 14:26:45,203 - DEBUG - https://api.openweathermap.org:443 "GET /data/2.5/weather?lat=19.059194242808232&lon=-98.27455292189993&appid=114eeff82a1f6c329ac960107187e344&units=metric HTTP/1.1" 200 472
2024-02-23 14:26:45,206 - DEBUG - Starting new HTTP connection (1): api.openweathermap.org:80
2024-02-23 14:26:45,560 - DEBUG - http://api.openweathermap.org:80 "GET /data/2.5/air_pollution?lat=19.059194242808232&lon=-98.27455292189993&appid=114eeff82a1f6c329ac960107187e344&units=metric HTTP/1.1" 200 191
2024-02-23 14:58:36,007 - DEBUG - Starting new HTTPS connection (1): api.openweathermap.org:443
2024-02-23 14:58:36,479 - DEBUG - https://api.openweathermap.org:443 "GET /data/2.5/weather?lat=19.059194242808232&lon=-98.27455292189993&appid=114eeff82a1f6c329ac960107187e344&units=metric HTTP/1.1" 200 516
2024-02-23 14:58:36,482 - DEBUG - Starting new HTTP connection (1): api.openweathermap.org:80
2024-02-23 14:58:36,925 - DEBUG - http://api.openweathermap.org:80 "GET /data/2.5/air_pollution?lat=19.059194242808232&lon=-98.27455292189993&appid=114eeff82a1f6c329ac960107187e344&units=metric HTTP/1.1" 200 190
2024-02-23 14:58:58,131 - DEBUG - Starting new HTTPS connection (1): api.openweathermap.org:443
2024-02-23 14:58:58,528 - DEBUG - https://api.openweathermap.org:443 "GET /data/2.5/weather?lat=18.923085025419557&lon=-98.39557636380162&appid=114eeff82a1f6c329ac960107187e344&units=metric HTTP/1.1" 200 494
2024-02-23 14:58:58,530 - DEBUG - Starting new HTTP connection (1): api.openweathermap.org:80
2024-02-23 14:58:58,918 - DEBUG - http://api.openweathermap.org:80 "GET /data/2.5/air_pollution?lat=18.923085025419557&lon=-98.39557636380162&appid=114eeff82a1f6c329ac960107187e344&units=metric HTTP/1.1" 200 191
2024-02-23 14:59:46,785 - DEBUG - Starting new HTTPS connection (1): api.openweathermap.org:443
2024-02-23 14:59:47,174 - DEBUG - https://api.openweathermap.org:443 "GET /data/2.5/weather?lat=18.923085025419557&lon=-98.39557636380162&appid=114eeff82a1f6c329ac960107187e344&units=metric HTTP/1.1" 200 494
2024-02-23 14:59:47,177 - DEBUG - Starting new HTTP connection (1): api.openweathermap.org:80
2024-02-23 14:59:47,585 - DEBUG - http://api.openweathermap.org:80 "GET /data/2.5/air_pollution?lat=18.923085025419557&lon=-98.39557636380162&appid=114eeff82a1f6c329ac960107187e344&units=metric HTTP/1.1" 200 191
2024-02-23 15:03:06,351 - DEBUG - Starting new HTTPS connection (1): api.openweathermap.org:443
2024-02-23 15:03:06,735 - DEBUG - https://api.openweathermap.org:443 "GET /data/2.5/weather?lat=18.923085025419557&lon=-98.39557636380162&appid=114eeff82a1f6c329ac960107187e344&units=metric HTTP/1.1" 200 494
2024-02-23 15:03:06,737 - DEBUG - Starting new HTTP connection (1): api.openweathermap.org:80
2024-02-23 15:03:07,195 - DEBUG - http://api.openweathermap.org:80 "GET /data/2.5/air_pollution?lat=18.923085025419557&lon=-98.39557636380162&appid=114eeff82a1f6c329ac960107187e344&units=metric HTTP/1.1" 200 191
2024-02-23 15:03:07,227 - DEBUG - Starting new HTTPS connection (1): api.openweathermap.org:443
2024-02-23 15:03:08,026 - DEBUG - https://api.openweathermap.org:443 "GET /data/2.5/weather?lat=19.295867896783285&lon=-97.76888973800806&appid=114eeff82a1f6c329ac960107187e344&units=metric HTTP/1.1" 200 494
2024-02-23 15:03:08,028 - DEBUG - Starting new HTTP connection (1): api.openweathermap.org:80
2024-02-23 15:03:08,467 - DEBUG - http://api.openweathermap.org:80 "GET /data/2.5/air_pollution?lat=19.295867896783285&lon=-97.76888973800806&appid=114eeff82a1f6c329ac960107187e344&units=metric HTTP/1.1" 200 191
2024-02-23 15:03:08,488 - DEBUG - Starting new HTTPS connection (1): api.openweathermap.org:443
2024-02-23 15:03:09,236 - DEBUG - https://api.openweathermap.org:443 "GET /data/2.5/weather?lat=18.52639736316348&lon=-97.47871399384229&appid=114eeff82a1f6c329ac960107187e344&units=metric HTTP/1.1" 200 509
2024-02-23 15:03:09,239 - DEBUG - Starting new HTTP connection (1): api.openweathermap.org:80
2024-02-23 15:03:09,698 - DEBUG - http://api.openweathermap.org:80 "GET /data/2.5/air_pollution?lat=18.52639736316348&lon=-97.47871399384229&appid=114eeff82a1f6c329ac960107187e344&units=metric HTTP/1.1" 200 193
2024-02-23 15:03:09,727 - DEBUG - Starting new HTTPS connection (1): api.openweathermap.org:443
2024-02-23 15:03:10,182 - DEBUG - https://api.openweathermap.org:443 "GET /data/2.5/weather?lat=33.39119277195364&lon=-112.5928040604769&appid=114eeff82a1f6c329ac960107187e344&units=metric HTTP/1.1" 200 525
2024-02-23 15:03:10,184 - DEBUG - Starting new HTTP connection (1): api.openweathermap.org:80
2024-02-23 15:03:10,598 - DEBUG - http://api.openweathermap.org:80 "GET /data/2.5/air_pollution?lat=33.39119277195364&lon=-112.5928040604769&appid=114eeff82a1f6c329ac960107187e344&units=metric HTTP/1.1" 200 193
2024-02-23 15:03:10,616 - DEBUG - Starting new HTTPS connection (1): api.openweathermap.org:443
2024-02-23 15:03:11,043 - DEBUG - https://api.openweathermap.org:443 "GET /data/2.5/weather?lat=19.059194242808232&lon=-98.27455292189993&appid=114eeff82a1f6c329ac960107187e344&units=metric HTTP/1.1" 200 516
2024-02-23 15:03:11,045 - DEBUG - Starting new HTTP connection (1): api.openweathermap.org:80
2024-02-23 15:03:11,488 - DEBUG - http://api.openweathermap.org:80 "GET /data/2.5/air_pollution?lat=19.059194242808232&lon=-98.27455292189993&appid=114eeff82a1f6c329ac960107187e344&units=metric HTTP/1.1" 200 190
2024-02-23 15:04:46,573 - DEBUG - Starting new HTTPS connection (1): api.openweathermap.org:443
2024-02-23 15:04:46,921 - DEBUG - https://api.openweathermap.org:443 "GET /data/2.5/weather?lat=18.923085025419557&lon=-98.39557636380162&appid=114eeff82a1f6c329ac960107187e344&units=metric HTTP/1.1" 200 494
2024-02-23 15:04:46,923 - DEBUG - Starting new HTTP connection (1): api.openweathermap.org:80
2024-02-23 15:04:47,128 - DEBUG - http://api.openweathermap.org:80 "GET /data/2.5/air_pollution?lat=18.923085025419557&lon=-98.39557636380162&appid=114eeff82a1f6c329ac960107187e344&units=metric HTTP/1.1" 200 191
2024-02-23 15:04:47,158 - DEBUG - Starting new HTTPS connection (1): api.openweathermap.org:443
2024-02-23 15:04:47,532 - DEBUG - https://api.openweathermap.org:443 "GET /data/2.5/weather?lat=19.295867896783285&lon=-97.76888973800806&appid=114eeff82a1f6c329ac960107187e344&units=metric HTTP/1.1" 200 494
2024-02-23 15:04:47,535 - DEBUG - Starting new HTTP connection (1): api.openweathermap.org:80
2024-02-23 15:04:47,941 - DEBUG - http://api.openweathermap.org:80 "GET /data/2.5/air_pollution?lat=19.295867896783285&lon=-97.76888973800806&appid=114eeff82a1f6c329ac960107187e344&units=metric HTTP/1.1" 200 191
2024-02-23 15:04:47,958 - DEBUG - Starting new HTTPS connection (1): api.openweathermap.org:443
2024-02-23 15:04:48,447 - DEBUG - https://api.openweathermap.org:443 "GET /data/2.5/weather?lat=18.52639736316348&lon=-97.47871399384229&appid=114eeff82a1f6c329ac960107187e344&units=metric HTTP/1.1" 200 509
2024-02-23 15:04:48,449 - DEBUG - Starting new HTTP connection (1): api.openweathermap.org:80
2024-02-23 15:04:48,951 - DEBUG - http://api.openweathermap.org:80 "GET /data/2.5/air_pollution?lat=18.52639736316348&lon=-97.47871399384229&appid=114eeff82a1f6c329ac960107187e344&units=metric HTTP/1.1" 200 193
2024-02-23 15:04:48,978 - DEBUG - Starting new HTTPS connection (1): api.openweathermap.org:443
2024-02-23 15:04:49,328 - DEBUG - https://api.openweathermap.org:443 "GET /data/2.5/weather?lat=33.39119277195364&lon=-112.5928040604769&appid=114eeff82a1f6c329ac960107187e344&units=metric HTTP/1.1" 200 525
2024-02-23 15:04:49,330 - DEBUG - Starting new HTTP connection (1): api.openweathermap.org:80
2024-02-23 15:04:49,505 - DEBUG - http://api.openweathermap.org:80 "GET /data/2.5/air_pollution?lat=33.39119277195364&lon=-112.5928040604769&appid=114eeff82a1f6c329ac960107187e344&units=metric HTTP/1.1" 200 193
2024-02-23 15:04:49,523 - DEBUG - Starting new HTTPS connection (1): api.openweathermap.org:443
2024-02-23 15:04:49,884 - DEBUG - https://api.openweathermap.org:443 "GET /data/2.5/weather?lat=19.059194242808232&lon=-98.27455292189993&appid=114eeff82a1f6c329ac960107187e344&units=metric HTTP/1.1" 200 516
2024-02-23 15:04:49,886 - DEBUG - Starting new HTTP connection (1): api.openweathermap.org:80
2024-02-23 15:04:50,068 - DEBUG - http://api.openweathermap.org:80 "GET /data/2.5/air_pollution?lat=19.059194242808232&lon=-98.27455292189993&appid=114eeff82a1f6c329ac960107187e344&units=metric HTTP/1.1" 200 190
2024-02-23 15:08:38,279 - DEBUG - Starting new HTTPS connection (1): api.openweathermap.org:443
2024-02-23 15:08:38,655 - DEBUG - https://api.openweathermap.org:443 "GET /data/2.5/weather?lat=18.923085025419557&lon=-98.39557636380162&appid=114eeff82a1f6c329ac960107187e344&units=metric HTTP/1.1" 200 494
2024-02-23 15:08:38,657 - DEBUG - Starting new HTTP connection (1): api.openweathermap.org:80
2024-02-23 15:08:38,832 - DEBUG - http://api.openweathermap.org:80 "GET /data/2.5/air_pollution?lat=18.923085025419557&lon=-98.39557636380162&appid=114eeff82a1f6c329ac960107187e344&units=metric HTTP/1.1" 200 191
2024-02-23 15:08:38,864 - DEBUG - Starting new HTTPS connection (1): api.openweathermap.org:443
2024-02-23 15:08:39,243 - DEBUG - https://api.openweathermap.org:443 "GET /data/2.5/weather?lat=19.295867896783285&lon=-97.76888973800806&appid=114eeff82a1f6c329ac960107187e344&units=metric HTTP/1.1" 200 494
2024-02-23 15:08:39,246 - DEBUG - Starting new HTTP connection (1): api.openweathermap.org:80
2024-02-23 15:08:39,728 - DEBUG - http://api.openweathermap.org:80 "GET /data/2.5/air_pollution?lat=19.295867896783285&lon=-97.76888973800806&appid=114eeff82a1f6c329ac960107187e344&units=metric HTTP/1.1" 200 191
2024-02-23 15:08:39,746 - DEBUG - Starting new HTTPS connection (1): api.openweathermap.org:443
2024-02-23 15:08:40,185 - DEBUG - https://api.openweathermap.org:443 "GET /data/2.5/weather?lat=18.52639736316348&lon=-97.47871399384229&appid=114eeff82a1f6c329ac960107187e344&units=metric HTTP/1.1" 200 509
2024-02-23 15:08:40,187 - DEBUG - Starting new HTTP connection (1): api.openweathermap.org:80
2024-02-23 15:08:40,381 - DEBUG - http://api.openweathermap.org:80 "GET /data/2.5/air_pollution?lat=18.52639736316348&lon=-97.47871399384229&appid=114eeff82a1f6c329ac960107187e344&units=metric HTTP/1.1" 200 193
2024-02-23 15:08:40,410 - DEBUG - Starting new HTTPS connection (1): api.openweathermap.org:443
2024-02-23 15:08:40,966 - DEBUG - https://api.openweathermap.org:443 "GET /data/2.5/weather?lat=33.39119277195364&lon=-112.5928040604769&appid=114eeff82a1f6c329ac960107187e344&units=metric HTTP/1.1" 200 524
2024-02-23 15:08:40,969 - DEBUG - Starting new HTTP connection (1): api.openweathermap.org:80
2024-02-23 15:08:41,167 - DEBUG - http://api.openweathermap.org:80 "GET /data/2.5/air_pollution?lat=33.39119277195364&lon=-112.5928040604769&appid=114eeff82a1f6c329ac960107187e344&units=metric HTTP/1.1" 200 193
2024-02-23 15:08:41,183 - DEBUG - Starting new HTTPS connection (1): api.openweathermap.org:443
2024-02-23 15:08:41,818 - DEBUG - https://api.openweathermap.org:443 "GET /data/2.5/weather?lat=19.059194242808232&lon=-98.27455292189993&appid=114eeff82a1f6c329ac960107187e344&units=metric HTTP/1.1" 200 472
2024-02-23 15:08:41,820 - DEBUG - Starting new HTTP connection (1): api.openweathermap.org:80
2024-02-23 15:08:41,984 - DEBUG - http://api.openweathermap.org:80 "GET /data/2.5/air_pollution?lat=19.059194242808232&lon=-98.27455292189993&appid=114eeff82a1f6c329ac960107187e344&units=metric HTTP/1.1" 200 190
2024-02-23 15:35:36,530 - DEBUG - Starting new HTTPS connection (1): api.openweathermap.org:443
2024-02-23 15:35:37,099 - DEBUG - https://api.openweathermap.org:443 "GET /data/2.5/weather?lat=18.923085025419557&lon=-98.39557636380162&appid=114eeff82a1f6c329ac960107187e344&units=metric HTTP/1.1" 200 513
2024-02-23 15:35:37,101 - DEBUG - Starting new HTTP connection (1): api.openweathermap.org:80
2024-02-23 15:35:37,574 - DEBUG - http://api.openweathermap.org:80 "GET /data/2.5/air_pollution?lat=18.923085025419557&lon=-98.39557636380162&appid=114eeff82a1f6c329ac960107187e344&units=metric HTTP/1.1" 200 192
2024-02-23 15:35:37,604 - DEBUG - Starting new HTTPS connection (1): api.openweathermap.org:443
2024-02-23 15:35:38,140 - DEBUG - https://api.openweathermap.org:443 "GET /data/2.5/weather?lat=19.295867896783285&lon=-97.76888973800806&appid=114eeff82a1f6c329ac960107187e344&units=metric HTTP/1.1" 200 495
2024-02-23 15:35:38,143 - DEBUG - Starting new HTTP connection (1): api.openweathermap.org:80
2024-02-23 15:35:38,555 - DEBUG - http://api.openweathermap.org:80 "GET /data/2.5/air_pollution?lat=19.295867896783285&lon=-97.76888973800806&appid=114eeff82a1f6c329ac960107187e344&units=metric HTTP/1.1" 200 191
2024-02-23 15:35:38,574 - DEBUG - Starting new HTTPS connection (1): api.openweathermap.org:443
2024-02-23 15:35:38,968 - DEBUG - https://api.openweathermap.org:443 "GET /data/2.5/weather?lat=18.52639736316348&lon=-97.47871399384229&appid=114eeff82a1f6c329ac960107187e344&units=metric HTTP/1.1" 200 506
2024-02-23 15:35:38,971 - DEBUG - Starting new HTTP connection (1): api.openweathermap.org:80
2024-02-23 15:35:39,400 - DEBUG - http://api.openweathermap.org:80 "GET /data/2.5/air_pollution?lat=18.52639736316348&lon=-97.47871399384229&appid=114eeff82a1f6c329ac960107187e344&units=metric HTTP/1.1" 200 193
2024-02-23 15:35:39,427 - DEBUG - Starting new HTTPS connection (1): api.openweathermap.org:443
2024-02-23 15:35:44,878 - DEBUG - https://api.openweathermap.org:443 "GET /data/2.5/weather?lat=33.39119277195364&lon=-112.5928040604769&appid=114eeff82a1f6c329ac960107187e344&units=metric HTTP/1.1" 200 466
2024-02-23 15:35:44,881 - DEBUG - Starting new HTTP connection (1): api.openweathermap.org:80
2024-02-23 15:35:45,255 - DEBUG - http://api.openweathermap.org:80 "GET /data/2.5/air_pollution?lat=33.39119277195364&lon=-112.5928040604769&appid=114eeff82a1f6c329ac960107187e344&units=metric HTTP/1.1" 200 192
2024-02-23 15:35:45,272 - DEBUG - Starting new HTTPS connection (1): api.openweathermap.org:443
2024-02-23 15:35:45,760 - DEBUG - https://api.openweathermap.org:443 "GET /data/2.5/weather?lat=19.059194242808232&lon=-98.27455292189993&appid=114eeff82a1f6c329ac960107187e344&units=metric HTTP/1.1" 200 488
2024-02-23 15:35:45,762 - DEBUG - Starting new HTTP connection (1): api.openweathermap.org:80
2024-02-23 15:35:46,174 - DEBUG - http://api.openweathermap.org:80 "GET /data/2.5/air_pollution?lat=19.059194242808232&lon=-98.27455292189993&appid=114eeff82a1f6c329ac960107187e344&units=metric HTTP/1.1" 200 189
2024-02-23 15:35:47,406 - WARNING - hubo 3 incidentes
2024-02-23 15:41:41,930 - DEBUG - Starting new HTTPS connection (1): api.openweathermap.org:443
2024-02-23 15:41:42,352 - DEBUG - https://api.openweathermap.org:443 "GET /data/2.5/weather?lat=18.923085025419557&lon=-98.39557636380162&appid=114eeff82a1f6c329ac960107187e344&units=metric HTTP/1.1" 200 513
2024-02-23 15:41:42,354 - DEBUG - Starting new HTTP connection (1): api.openweathermap.org:80
2024-02-23 15:41:42,521 - DEBUG - http://api.openweathermap.org:80 "GET /data/2.5/air_pollution?lat=18.923085025419557&lon=-98.39557636380162&appid=114eeff82a1f6c329ac960107187e344&units=metric HTTP/1.1" 200 192
2024-02-23 15:41:42,552 - DEBUG - Starting new HTTPS connection (1): api.openweathermap.org:443
2024-02-23 15:41:42,963 - DEBUG - https://api.openweathermap.org:443 "GET /data/2.5/weather?lat=19.295867896783285&lon=-97.76888973800806&appid=114eeff82a1f6c329ac960107187e344&units=metric HTTP/1.1" 200 495
2024-02-23 15:41:42,965 - DEBUG - Starting new HTTP connection (1): api.openweathermap.org:80
2024-02-23 15:41:43,342 - DEBUG - http://api.openweathermap.org:80 "GET /data/2.5/air_pollution?lat=19.295867896783285&lon=-97.76888973800806&appid=114eeff82a1f6c329ac960107187e344&units=metric HTTP/1.1" 200 191
2024-02-23 15:41:43,360 - DEBUG - Starting new HTTPS connection (1): api.openweathermap.org:443
2024-02-23 15:41:43,715 - DEBUG - https://api.openweathermap.org:443 "GET /data/2.5/weather?lat=18.52639736316348&lon=-97.47871399384229&appid=114eeff82a1f6c329ac960107187e344&units=metric HTTP/1.1" 200 506
2024-02-23 15:41:43,717 - DEBUG - Starting new HTTP connection (1): api.openweathermap.org:80
2024-02-23 15:41:44,113 - DEBUG - http://api.openweathermap.org:80 "GET /data/2.5/air_pollution?lat=18.52639736316348&lon=-97.47871399384229&appid=114eeff82a1f6c329ac960107187e344&units=metric HTTP/1.1" 200 193
2024-02-23 15:41:44,143 - DEBUG - Starting new HTTPS connection (1): api.openweathermap.org:443
2024-02-23 15:41:44,497 - DEBUG - https://api.openweathermap.org:443 "GET /data/2.5/weather?lat=33.39119277195364&lon=-112.5928040604769&appid=114eeff82a1f6c329ac960107187e344&units=metric HTTP/1.1" 200 466
2024-02-23 15:41:44,499 - DEBUG - Starting new HTTP connection (1): api.openweathermap.org:80
2024-02-23 15:41:44,667 - DEBUG - http://api.openweathermap.org:80 "GET /data/2.5/air_pollution?lat=33.39119277195364&lon=-112.5928040604769&appid=114eeff82a1f6c329ac960107187e344&units=metric HTTP/1.1" 200 192
2024-02-23 15:41:44,685 - DEBUG - Starting new HTTPS connection (1): api.openweathermap.org:443
2024-02-23 15:41:45,076 - DEBUG - https://api.openweathermap.org:443 "GET /data/2.5/weather?lat=19.059194242808232&lon=-98.27455292189993&appid=114eeff82a1f6c329ac960107187e344&units=metric HTTP/1.1" 200 472
2024-02-23 15:41:45,078 - DEBUG - Starting new HTTP connection (1): api.openweathermap.org:80
2024-02-23 15:41:45,263 - DEBUG - http://api.openweathermap.org:80 "GET /data/2.5/air_pollution?lat=19.059194242808232&lon=-98.27455292189993&appid=114eeff82a1f6c329ac960107187e344&units=metric HTTP/1.1" 200 189
2024-02-23 15:41:46,248 - INFO - hubo 3 incidentes
2024-02-23 15:49:39,471 - DEBUG - Running job Job(interval=1, unit=minutes, do=print, args=('------------------------------------------',), kwargs={})
2024-02-23 15:49:39,472 - DEBUG - Running job Job(interval=1, unit=minutes, do=message_email, args=(), kwargs={})
2024-02-23 15:49:39,478 - DEBUG - Starting new HTTPS connection (1): api.openweathermap.org:443
2024-02-23 15:49:39,993 - DEBUG - https://api.openweathermap.org:443 "GET /data/2.5/weather?lat=18.923085025419557&lon=-98.39557636380162&appid=114eeff82a1f6c329ac960107187e344&units=metric HTTP/1.1" 200 513
2024-02-23 15:49:39,995 - DEBUG - Starting new HTTP connection (1): api.openweathermap.org:80
2024-02-23 15:49:40,366 - DEBUG - http://api.openweathermap.org:80 "GET /data/2.5/air_pollution?lat=18.923085025419557&lon=-98.39557636380162&appid=114eeff82a1f6c329ac960107187e344&units=metric HTTP/1.1" 200 192
2024-02-23 15:49:40,395 - DEBUG - Starting new HTTPS connection (1): api.openweathermap.org:443
2024-02-23 15:49:40,748 - DEBUG - https://api.openweathermap.org:443 "GET /data/2.5/weather?lat=19.295867896783285&lon=-97.76888973800806&appid=114eeff82a1f6c329ac960107187e344&units=metric HTTP/1.1" 200 495
2024-02-23 15:49:40,750 - DEBUG - Starting new HTTP connection (1): api.openweathermap.org:80
2024-02-23 15:49:41,156 - DEBUG - http://api.openweathermap.org:80 "GET /data/2.5/air_pollution?lat=19.295867896783285&lon=-97.76888973800806&appid=114eeff82a1f6c329ac960107187e344&units=metric HTTP/1.1" 200 191
2024-02-23 15:49:41,174 - DEBUG - Starting new HTTPS connection (1): api.openweathermap.org:443
2024-02-23 15:49:41,836 - DEBUG - https://api.openweathermap.org:443 "GET /data/2.5/weather?lat=18.52639736316348&lon=-97.47871399384229&appid=114eeff82a1f6c329ac960107187e344&units=metric HTTP/1.1" 200 506
2024-02-23 15:49:41,838 - DEBUG - Starting new HTTP connection (1): api.openweathermap.org:80
2024-02-23 15:49:42,190 - DEBUG - http://api.openweathermap.org:80 "GET /data/2.5/air_pollution?lat=18.52639736316348&lon=-97.47871399384229&appid=114eeff82a1f6c329ac960107187e344&units=metric HTTP/1.1" 200 193
2024-02-23 15:49:42,219 - DEBUG - Starting new HTTPS connection (1): api.openweathermap.org:443
2024-02-23 15:49:42,581 - DEBUG - https://api.openweathermap.org:443 "GET /data/2.5/weather?lat=33.39119277195364&lon=-112.5928040604769&appid=114eeff82a1f6c329ac960107187e344&units=metric HTTP/1.1" 200 460
2024-02-23 15:49:42,583 - DEBUG - Starting new HTTP connection (1): api.openweathermap.org:80
2024-02-23 15:49:42,937 - DEBUG - http://api.openweathermap.org:80 "GET /data/2.5/air_pollution?lat=33.39119277195364&lon=-112.5928040604769&appid=114eeff82a1f6c329ac960107187e344&units=metric HTTP/1.1" 200 192
2024-02-23 15:49:42,965 - DEBUG - Starting new HTTPS connection (1): api.openweathermap.org:443
2024-02-23 15:49:43,371 - DEBUG - https://api.openweathermap.org:443 "GET /data/2.5/weather?lat=19.059194242808232&lon=-98.27455292189993&appid=114eeff82a1f6c329ac960107187e344&units=metric HTTP/1.1" 200 472
2024-02-23 15:49:43,373 - DEBUG - Starting new HTTP connection (1): api.openweathermap.org:80
2024-02-23 15:49:43,794 - DEBUG - http://api.openweathermap.org:80 "GET /data/2.5/air_pollution?lat=19.059194242808232&lon=-98.27455292189993&appid=114eeff82a1f6c329ac960107187e344&units=metric HTTP/1.1" 200 189
2024-02-23 15:49:44,749 - INFO - hubo 4 incidentes
2024-02-23 15:50:39,472 - DEBUG - Running job Job(interval=1, unit=minutes, do=print, args=('------------------------------------------',), kwargs={})
2024-02-23 15:50:44,749 - DEBUG - Running job Job(interval=1, unit=minutes, do=message_email, args=(), kwargs={})
2024-02-23 15:50:44,752 - DEBUG - Starting new HTTPS connection (1): api.openweathermap.org:443
2024-02-23 15:50:45,275 - DEBUG - https://api.openweathermap.org:443 "GET /data/2.5/weather?lat=18.923085025419557&lon=-98.39557636380162&appid=114eeff82a1f6c329ac960107187e344&units=metric HTTP/1.1" 200 513
2024-02-23 15:50:45,278 - DEBUG - Starting new HTTP connection (1): api.openweathermap.org:80
2024-02-23 15:50:45,654 - DEBUG - http://api.openweathermap.org:80 "GET /data/2.5/air_pollution?lat=18.923085025419557&lon=-98.39557636380162&appid=114eeff82a1f6c329ac960107187e344&units=metric HTTP/1.1" 200 192
2024-02-23 15:50:45,685 - DEBUG - Starting new HTTPS connection (1): api.openweathermap.org:443
2024-02-23 15:50:46,042 - DEBUG - https://api.openweathermap.org:443 "GET /data/2.5/weather?lat=19.295867896783285&lon=-97.76888973800806&appid=114eeff82a1f6c329ac960107187e344&units=metric HTTP/1.1" 200 495
2024-02-23 15:50:46,044 - DEBUG - Starting new HTTP connection (1): api.openweathermap.org:80
2024-02-23 15:50:46,237 - DEBUG - http://api.openweathermap.org:80 "GET /data/2.5/air_pollution?lat=19.295867896783285&lon=-97.76888973800806&appid=114eeff82a1f6c329ac960107187e344&units=metric HTTP/1.1" 200 191
2024-02-23 15:50:46,256 - DEBUG - Starting new HTTPS connection (1): api.openweathermap.org:443
2024-02-23 15:50:46,690 - DEBUG - https://api.openweathermap.org:443 "GET /data/2.5/weather?lat=18.52639736316348&lon=-97.47871399384229&appid=114eeff82a1f6c329ac960107187e344&units=metric HTTP/1.1" 200 506
2024-02-23 15:50:46,692 - DEBUG - Starting new HTTP connection (1): api.openweathermap.org:80
2024-02-23 15:50:46,857 - DEBUG - http://api.openweathermap.org:80 "GET /data/2.5/air_pollution?lat=18.52639736316348&lon=-97.47871399384229&appid=114eeff82a1f6c329ac960107187e344&units=metric HTTP/1.1" 200 193
2024-02-23 15:50:46,887 - DEBUG - Starting new HTTPS connection (1): api.openweathermap.org:443
2024-02-23 15:50:47,299 - DEBUG - https://api.openweathermap.org:443 "GET /data/2.5/weather?lat=33.39119277195364&lon=-112.5928040604769&appid=114eeff82a1f6c329ac960107187e344&units=metric HTTP/1.1" 200 463
2024-02-23 15:50:47,302 - DEBUG - Starting new HTTP connection (1): api.openweathermap.org:80
2024-02-23 15:50:47,472 - DEBUG - http://api.openweathermap.org:80 "GET /data/2.5/air_pollution?lat=33.39119277195364&lon=-112.5928040604769&appid=114eeff82a1f6c329ac960107187e344&units=metric HTTP/1.1" 200 192
2024-02-23 15:50:47,499 - DEBUG - Starting new HTTPS connection (1): api.openweathermap.org:443
2024-02-23 15:50:47,848 - DEBUG - https://api.openweathermap.org:443 "GET /data/2.5/weather?lat=19.059194242808232&lon=-98.27455292189993&appid=114eeff82a1f6c329ac960107187e344&units=metric HTTP/1.1" 200 472
2024-02-23 15:50:47,850 - DEBUG - Starting new HTTP connection (1): api.openweathermap.org:80
2024-02-23 15:50:48,201 - DEBUG - http://api.openweathermap.org:80 "GET /data/2.5/air_pollution?lat=19.059194242808232&lon=-98.27455292189993&appid=114eeff82a1f6c329ac960107187e344&units=metric HTTP/1.1" 200 189
2024-02-23 15:50:49,288 - INFO - hubo 4 incidentes
2024-02-23 15:52:31,247 - DEBUG - Running job Job(interval=1, unit=minutes, do=print, args=('------------------------------------------',), kwargs={})
2024-02-23 15:52:31,248 - DEBUG - Running job Job(interval=1, unit=minutes, do=message_email, args=(), kwargs={})
2024-02-23 15:52:31,254 - DEBUG - Starting new HTTPS connection (1): api.openweathermap.org:443
2024-02-23 15:52:31,690 - DEBUG - https://api.openweathermap.org:443 "GET /data/2.5/weather?lat=18.923085025419557&lon=-98.39557636380162&appid=114eeff82a1f6c329ac960107187e344&units=metric HTTP/1.1" 200 513
2024-02-23 15:52:31,693 - DEBUG - Starting new HTTP connection (1): api.openweathermap.org:80
2024-02-23 15:52:31,857 - DEBUG - http://api.openweathermap.org:80 "GET /data/2.5/air_pollution?lat=18.923085025419557&lon=-98.39557636380162&appid=114eeff82a1f6c329ac960107187e344&units=metric HTTP/1.1" 200 192
2024-02-23 15:52:31,886 - DEBUG - Starting new HTTPS connection (1): api.openweathermap.org:443
2024-02-23 15:52:32,434 - DEBUG - https://api.openweathermap.org:443 "GET /data/2.5/weather?lat=19.295867896783285&lon=-97.76888973800806&appid=114eeff82a1f6c329ac960107187e344&units=metric HTTP/1.1" 200 495
2024-02-23 15:52:32,436 - DEBUG - Starting new HTTP connection (1): api.openweathermap.org:80
2024-02-23 15:52:33,004 - DEBUG - http://api.openweathermap.org:80 "GET /data/2.5/air_pollution?lat=19.295867896783285&lon=-97.76888973800806&appid=114eeff82a1f6c329ac960107187e344&units=metric HTTP/1.1" 200 191
2024-02-23 15:52:33,021 - DEBUG - Starting new HTTPS connection (1): api.openweathermap.org:443
2024-02-23 15:52:33,481 - DEBUG - https://api.openweathermap.org:443 "GET /data/2.5/weather?lat=18.52639736316348&lon=-97.47871399384229&appid=114eeff82a1f6c329ac960107187e344&units=metric HTTP/1.1" 200 506
2024-02-23 15:52:33,483 - DEBUG - Starting new HTTP connection (1): api.openweathermap.org:80
2024-02-23 15:52:33,938 - DEBUG - http://api.openweathermap.org:80 "GET /data/2.5/air_pollution?lat=18.52639736316348&lon=-97.47871399384229&appid=114eeff82a1f6c329ac960107187e344&units=metric HTTP/1.1" 200 193
2024-02-23 15:52:33,966 - DEBUG - Starting new HTTPS connection (1): api.openweathermap.org:443
2024-02-23 15:52:34,357 - DEBUG - https://api.openweathermap.org:443 "GET /data/2.5/weather?lat=33.39119277195364&lon=-112.5928040604769&appid=114eeff82a1f6c329ac960107187e344&units=metric HTTP/1.1" 200 463
2024-02-23 15:52:34,359 - DEBUG - Starting new HTTP connection (1): api.openweathermap.org:80
2024-02-23 15:52:34,532 - DEBUG - http://api.openweathermap.org:80 "GET /data/2.5/air_pollution?lat=33.39119277195364&lon=-112.5928040604769&appid=114eeff82a1f6c329ac960107187e344&units=metric HTTP/1.1" 200 192
2024-02-23 15:52:34,561 - DEBUG - Starting new HTTPS connection (1): api.openweathermap.org:443
2024-02-23 15:52:34,952 - DEBUG - https://api.openweathermap.org:443 "GET /data/2.5/weather?lat=19.059194242808232&lon=-98.27455292189993&appid=114eeff82a1f6c329ac960107187e344&units=metric HTTP/1.1" 200 472
2024-02-23 15:52:34,954 - DEBUG - Starting new HTTP connection (1): api.openweathermap.org:80
2024-02-23 15:52:35,403 - DEBUG - http://api.openweathermap.org:80 "GET /data/2.5/air_pollution?lat=19.059194242808232&lon=-98.27455292189993&appid=114eeff82a1f6c329ac960107187e344&units=metric HTTP/1.1" 200 189
2024-02-23 15:52:36,454 - INFO - hubo 4 incidentes
